[ 2018-01-15T20:59:16+08:00 ] 127.0.0.1 /LinxwFFcms/install.php
INFO: [ app_init ] --START--
INFO: Run Behavior\BuildLiteBehavior [ RunTime:0.000000s ]
INFO: [ app_init ] --END-- [ RunTime:0.001000s ]
INFO: [ app_begin ] --START--
INFO: Run Behavior\ReadHtmlCacheBehavior [ RunTime:0.001000s ]
INFO: [ app_begin ] --END-- [ RunTime:0.001000s ]
INFO: [ view_parse ] --START--
INFO: [ template_filter ] --START--
INFO: Run Behavior\ContentReplaceBehavior [ RunTime:0.001000s ]
INFO: [ template_filter ] --END-- [ RunTime:0.001000s ]
INFO: Run Behavior\ParseTemplateBehavior [ RunTime:0.046003s ]
INFO: [ view_parse ] --END-- [ RunTime:0.047003s ]
INFO: [ view_filter ] --START--
INFO: Run Behavior\WriteHtmlCacheBehavior [ RunTime:0.000000s ]
INFO: [ view_filter ] --END-- [ RunTime:0.002000s ]
INFO: [ app_end ] --START--
INFO: Run Behavior\ShowPageTraceBehavior [ RunTime:0.001000s ]
INFO: [ app_end ] --END-- [ RunTime:0.002000s ]

[ 2018-01-15T21:03:31+08:00 ] 127.0.0.1 /LinxwFFcms/install.php
INFO: [ app_init ] --START--
INFO: Run Behavior\BuildLiteBehavior [ RunTime:0.000000s ]
INFO: [ app_init ] --END-- [ RunTime:0.000000s ]
INFO: [ app_begin ] --START--
INFO: Run Behavior\ReadHtmlCacheBehavior [ RunTime:0.001000s ]
INFO: [ app_begin ] --END-- [ RunTime:0.001000s ]
INFO: [ view_parse ] --START--
INFO: [ template_filter ] --START--
INFO: Run Behavior\ContentReplaceBehavior [ RunTime:0.000000s ]
INFO: [ template_filter ] --END-- [ RunTime:0.000000s ]
INFO: Run Behavior\ParseTemplateBehavior [ RunTime:0.026002s ]
INFO: [ view_parse ] --END-- [ RunTime:0.026002s ]
INFO: [ view_filter ] --START--
INFO: Run Behavior\WriteHtmlCacheBehavior [ RunTime:0.001000s ]
INFO: [ view_filter ] --END-- [ RunTime:0.001000s ]
INFO: [ app_end ] --START--
INFO: Run Behavior\ShowPageTraceBehavior [ RunTime:0.001000s ]
INFO: [ app_end ] --END-- [ RunTime:0.001000s ]

[ 2018-01-15T21:03:36+08:00 ] 127.0.0.1 /LinxwFFcms/install.php
INFO: [ app_init ] --START--
INFO: Run Behavior\BuildLiteBehavior [ RunTime:0.001000s ]
INFO: [ app_init ] --END-- [ RunTime:0.001000s ]
INFO: [ app_begin ] --START--
INFO: Run Behavior\ReadHtmlCacheBehavior [ RunTime:0.001000s ]
INFO: [ app_begin ] --END-- [ RunTime:0.001000s ]
INFO: [ view_parse ] --START--
INFO: [ template_filter ] --START--
INFO: Run Behavior\ContentReplaceBehavior [ RunTime:0.000000s ]
INFO: [ template_filter ] --END-- [ RunTime:0.000000s ]
INFO: Run Behavior\ParseTemplateBehavior [ RunTime:0.025001s ]
INFO: [ view_parse ] --END-- [ RunTime:0.025001s ]
INFO: [ view_filter ] --START--
INFO: Run Behavior\WriteHtmlCacheBehavior [ RunTime:0.000000s ]
INFO: [ view_filter ] --END-- [ RunTime:0.001001s ]
INFO: [ app_end ] --START--
INFO: Run Behavior\ShowPageTraceBehavior [ RunTime:0.001000s ]
INFO: [ app_end ] --END-- [ RunTime:0.001000s ]

[ 2018-01-15T21:04:26+08:00 ] 127.0.0.1 /LinxwFFcms/install.php
INFO: [ app_init ] --START--
INFO: Run Behavior\BuildLiteBehavior [ RunTime:0.000000s ]
INFO: [ app_init ] --END-- [ RunTime:0.000000s ]
INFO: [ app_begin ] --START--
INFO: Run Behavior\ReadHtmlCacheBehavior [ RunTime:0.001000s ]
INFO: [ app_begin ] --END-- [ RunTime:0.001000s ]
INFO: [ view_parse ] --START--
INFO: [ template_filter ] --START--
INFO: Run Behavior\ContentReplaceBehavior [ RunTime:0.001000s ]
INFO: [ template_filter ] --END-- [ RunTime:0.001000s ]
INFO: Run Behavior\ParseTemplateBehavior [ RunTime:0.029002s ]
INFO: [ view_parse ] --END-- [ RunTime:0.029002s ]
INFO: [ view_filter ] --START--
INFO: Run Behavior\WriteHtmlCacheBehavior [ RunTime:0.001000s ]
INFO: [ view_filter ] --END-- [ RunTime:0.001000s ]
INFO: [ app_end ] --START--
INFO: Run Behavior\ShowPageTraceBehavior [ RunTime:0.001000s ]
INFO: [ app_end ] --END-- [ RunTime:0.001000s ]

[ 2018-01-15T21:04:40+08:00 ] 127.0.0.1 /LinxwFFcms/install.php
INFO: [ app_init ] --START--
INFO: Run Behavior\BuildLiteBehavior [ RunTime:0.000000s ]
INFO: [ app_init ] --END-- [ RunTime:0.001000s ]
INFO: [ app_begin ] --START--
INFO: Run Behavior\ReadHtmlCacheBehavior [ RunTime:0.001000s ]
INFO: [ app_begin ] --END-- [ RunTime:0.002000s ]
INFO: [ view_parse ] --START--
INFO: [ template_filter ] --START--
INFO: Run Behavior\ContentReplaceBehavior [ RunTime:0.001000s ]
INFO: [ template_filter ] --END-- [ RunTime:0.001000s ]
INFO: Run Behavior\ParseTemplateBehavior [ RunTime:0.029001s ]
INFO: [ view_parse ] --END-- [ RunTime:0.029001s ]
INFO: [ view_filter ] --START--
INFO: Run Behavior\WriteHtmlCacheBehavior [ RunTime:0.001000s ]
INFO: [ view_filter ] --END-- [ RunTime:0.001000s ]
INFO: [ app_end ] --START--
INFO: Run Behavior\ShowPageTraceBehavior [ RunTime:0.001000s ]
INFO: [ app_end ] --END-- [ RunTime:0.001000s ]

[ 2018-01-15T21:05:22+08:00 ] 127.0.0.1 /LinxwFFcms/install.php
INFO: [ app_init ] --START--
INFO: Run Behavior\BuildLiteBehavior [ RunTime:0.000000s ]
INFO: [ app_init ] --END-- [ RunTime:0.000000s ]
INFO: [ app_begin ] --START--
INFO: Run Behavior\ReadHtmlCacheBehavior [ RunTime:0.000000s ]
INFO: [ app_begin ] --END-- [ RunTime:0.000000s ]
INFO: [ view_parse ] --START--
INFO: [ template_filter ] --START--
INFO: Run Behavior\ContentReplaceBehavior [ RunTime:0.000000s ]
INFO: [ template_filter ] --END-- [ RunTime:0.000000s ]
INFO: Run Behavior\ParseTemplateBehavior [ RunTime:0.029002s ]
INFO: [ view_parse ] --END-- [ RunTime:0.030002s ]
INFO: [ view_filter ] --START--
INFO: Run Behavior\WriteHtmlCacheBehavior [ RunTime:0.001000s ]
INFO: [ view_filter ] --END-- [ RunTime:0.002000s ]
INFO: [ app_end ] --START--
INFO: Run Behavior\ShowPageTraceBehavior [ RunTime:0.001000s ]
INFO: [ app_end ] --END-- [ RunTime:0.001000s ]

[ 2018-01-15T21:05:24+08:00 ] 127.0.0.1 /LinxwFFcms/install.php?m=Install&c=Index&a=step2
INFO: [ app_init ] --START--
INFO: Run Behavior\BuildLiteBehavior [ RunTime:0.000000s ]
INFO: [ app_init ] --END-- [ RunTime:0.000000s ]
INFO: [ app_begin ] --START--
INFO: Run Behavior\ReadHtmlCacheBehavior [ RunTime:0.000000s ]
INFO: [ app_begin ] --END-- [ RunTime:0.001000s ]
NOTIC: [2] Missing argument 1 for Libs\Util\Dir::__construct(), called in G:\wamp64\www\LinxwFFcms\app\Application\Install\Controller\IndexController.class.php on line 68 and defined G:\wamp64\www\LinxwFFcms\app\Libs\Util\Dir.class.php 第 41 行.
NOTIC: [8] Undefined variable: path G:\wamp64\www\LinxwFFcms\app\Libs\Util\Dir.class.php 第 42 行.
NOTIC: [8] Undefined variable: path G:\wamp64\www\LinxwFFcms\app\Libs\Util\Dir.class.php 第 43 行.
INFO: [ view_parse ] --START--
INFO: [ template_filter ] --START--
INFO: Run Behavior\ContentReplaceBehavior [ RunTime:0.000000s ]
INFO: [ template_filter ] --END-- [ RunTime:0.000000s ]
INFO: Run Behavior\ParseTemplateBehavior [ RunTime:0.027001s ]
INFO: [ view_parse ] --END-- [ RunTime:0.027001s ]
INFO: [ view_filter ] --START--
INFO: Run Behavior\WriteHtmlCacheBehavior [ RunTime:0.001001s ]
INFO: [ view_filter ] --END-- [ RunTime:0.001001s ]
INFO: [ app_end ] --START--
INFO: Run Behavior\ShowPageTraceBehavior [ RunTime:0.001000s ]
INFO: [ app_end ] --END-- [ RunTime:0.001000s ]

[ 2018-01-15T21:06:12+08:00 ] 127.0.0.1 /LinxwFFcms/install.php?m=Install&c=Index&a=step2
INFO: [ app_init ] --START--
INFO: Run Behavior\BuildLiteBehavior [ RunTime:0.000000s ]
INFO: [ app_init ] --END-- [ RunTime:0.000000s ]
INFO: [ app_begin ] --START--
INFO: Run Behavior\ReadHtmlCacheBehavior [ RunTime:0.001000s ]
INFO: [ app_begin ] --END-- [ RunTime:0.001000s ]
NOTIC: [2] Missing argument 1 for Libs\Util\Dir::__construct(), called in G:\wamp64\www\LinxwFFcms\app\Application\Install\Controller\IndexController.class.php on line 68 and defined G:\wamp64\www\LinxwFFcms\app\Libs\Util\Dir.class.php 第 41 行.
NOTIC: [8] Undefined variable: path G:\wamp64\www\LinxwFFcms\app\Libs\Util\Dir.class.php 第 42 行.
NOTIC: [8] Undefined variable: path G:\wamp64\www\LinxwFFcms\app\Libs\Util\Dir.class.php 第 43 行.
INFO: [ view_parse ] --START--
INFO: [ template_filter ] --START--
INFO: Run Behavior\ContentReplaceBehavior [ RunTime:0.000000s ]
INFO: [ template_filter ] --END-- [ RunTime:0.000000s ]
INFO: Run Behavior\ParseTemplateBehavior [ RunTime:0.026002s ]
INFO: [ view_parse ] --END-- [ RunTime:0.026002s ]
INFO: [ view_filter ] --START--
INFO: Run Behavior\WriteHtmlCacheBehavior [ RunTime:0.001000s ]
INFO: [ view_filter ] --END-- [ RunTime:0.001000s ]
INFO: [ app_end ] --START--
INFO: Run Behavior\ShowPageTraceBehavior [ RunTime:0.001000s ]
INFO: [ app_end ] --END-- [ RunTime:0.001000s ]

[ 2018-01-15T21:09:06+08:00 ] 127.0.0.1 /LinxwFFcms/install.php?m=Install&c=Index&a=step2
INFO: [ app_init ] --START--
INFO: Run Behavior\BuildLiteBehavior [ RunTime:0.000000s ]
INFO: [ app_init ] --END-- [ RunTime:0.000000s ]
INFO: [ app_begin ] --START--
INFO: Run Behavior\ReadHtmlCacheBehavior [ RunTime:0.001000s ]
INFO: [ app_begin ] --END-- [ RunTime:0.001000s ]
NOTIC: [2] Missing argument 1 for Libs\Util\Dir::__construct(), called in G:\wamp64\www\LinxwFFcms\app\Application\Install\Controller\IndexController.class.php on line 68 and defined G:\wamp64\www\LinxwFFcms\app\Libs\Util\Dir.class.php 第 41 行.
NOTIC: [8] Undefined variable: path G:\wamp64\www\LinxwFFcms\app\Libs\Util\Dir.class.php 第 42 行.
NOTIC: [8] Undefined variable: path G:\wamp64\www\LinxwFFcms\app\Libs\Util\Dir.class.php 第 43 行.
INFO: [ view_parse ] --START--
INFO: [ template_filter ] --START--
INFO: Run Behavior\ContentReplaceBehavior [ RunTime:0.000000s ]
INFO: [ template_filter ] --END-- [ RunTime:0.000000s ]
INFO: Run Behavior\ParseTemplateBehavior [ RunTime:0.026002s ]
INFO: [ view_parse ] --END-- [ RunTime:0.026002s ]
INFO: [ view_filter ] --START--
INFO: Run Behavior\WriteHtmlCacheBehavior [ RunTime:0.001000s ]
INFO: [ view_filter ] --END-- [ RunTime:0.001000s ]
INFO: [ app_end ] --START--
INFO: Run Behavior\ShowPageTraceBehavior [ RunTime:0.001000s ]
INFO: [ app_end ] --END-- [ RunTime:0.001000s ]

[ 2018-01-15T21:09:07+08:00 ] 127.0.0.1 /LinxwFFcms/install.php?m=Install&c=Index&a=step2
INFO: [ app_init ] --START--
INFO: Run Behavior\BuildLiteBehavior [ RunTime:0.000000s ]
INFO: [ app_init ] --END-- [ RunTime:0.001000s ]
INFO: [ app_begin ] --START--
INFO: Run Behavior\ReadHtmlCacheBehavior [ RunTime:0.001000s ]
INFO: [ app_begin ] --END-- [ RunTime:0.001000s ]
NOTIC: [2] Missing argument 1 for Libs\Util\Dir::__construct(), called in G:\wamp64\www\LinxwFFcms\app\Application\Install\Controller\IndexController.class.php on line 68 and defined G:\wamp64\www\LinxwFFcms\app\Libs\Util\Dir.class.php 第 41 行.
NOTIC: [8] Undefined variable: path G:\wamp64\www\LinxwFFcms\app\Libs\Util\Dir.class.php 第 42 行.
NOTIC: [8] Undefined variable: path G:\wamp64\www\LinxwFFcms\app\Libs\Util\Dir.class.php 第 43 行.
INFO: [ view_parse ] --START--
INFO: [ template_filter ] --START--
INFO: Run Behavior\ContentReplaceBehavior [ RunTime:0.000000s ]
INFO: [ template_filter ] --END-- [ RunTime:0.001000s ]
INFO: Run Behavior\ParseTemplateBehavior [ RunTime:0.026002s ]
INFO: [ view_parse ] --END-- [ RunTime:0.027002s ]
INFO: [ view_filter ] --START--
INFO: Run Behavior\WriteHtmlCacheBehavior [ RunTime:0.000000s ]
INFO: [ view_filter ] --END-- [ RunTime:0.000000s ]
INFO: [ app_end ] --START--
INFO: Run Behavior\ShowPageTraceBehavior [ RunTime:0.001000s ]
INFO: [ app_end ] --END-- [ RunTime:0.001000s ]

[ 2018-01-15T21:09:10+08:00 ] 127.0.0.1 /LinxwFFcms/install.php
INFO: [ app_init ] --START--
INFO: Run Behavior\BuildLiteBehavior [ RunTime:0.001000s ]
INFO: [ app_init ] --END-- [ RunTime:0.001000s ]
INFO: [ app_begin ] --START--
INFO: Run Behavior\ReadHtmlCacheBehavior [ RunTime:0.001000s ]
INFO: [ app_begin ] --END-- [ RunTime:0.001000s ]
INFO: [ view_parse ] --START--
INFO: [ template_filter ] --START--
INFO: Run Behavior\ContentReplaceBehavior [ RunTime:0.000000s ]
INFO: [ template_filter ] --END-- [ RunTime:0.000000s ]
INFO: Run Behavior\ParseTemplateBehavior [ RunTime:0.027002s ]
INFO: [ view_parse ] --END-- [ RunTime:0.027002s ]
INFO: [ view_filter ] --START--
INFO: Run Behavior\WriteHtmlCacheBehavior [ RunTime:0.001000s ]
INFO: [ view_filter ] --END-- [ RunTime:0.001000s ]
INFO: [ app_end ] --START--
INFO: Run Behavior\ShowPageTraceBehavior [ RunTime:0.001000s ]
INFO: [ app_end ] --END-- [ RunTime:0.001000s ]

[ 2018-01-15T21:09:11+08:00 ] 127.0.0.1 /LinxwFFcms/install.php
INFO: [ app_init ] --START--
INFO: Run Behavior\BuildLiteBehavior [ RunTime:0.000000s ]
INFO: [ app_init ] --END-- [ RunTime:0.001000s ]
INFO: [ app_begin ] --START--
INFO: Run Behavior\ReadHtmlCacheBehavior [ RunTime:0.001001s ]
INFO: [ app_begin ] --END-- [ RunTime:0.001001s ]
INFO: [ view_parse ] --START--
INFO: [ template_filter ] --START--
INFO: Run Behavior\ContentReplaceBehavior [ RunTime:0.001000s ]
INFO: [ template_filter ] --END-- [ RunTime:0.001000s ]
INFO: Run Behavior\ParseTemplateBehavior [ RunTime:0.026001s ]
INFO: [ view_parse ] --END-- [ RunTime:0.026001s ]
INFO: [ view_filter ] --START--
INFO: Run Behavior\WriteHtmlCacheBehavior [ RunTime:0.001000s ]
INFO: [ view_filter ] --END-- [ RunTime:0.001000s ]
INFO: [ app_end ] --START--
INFO: Run Behavior\ShowPageTraceBehavior [ RunTime:0.001000s ]
INFO: [ app_end ] --END-- [ RunTime:0.001000s ]

[ 2018-01-15T21:09:11+08:00 ] 127.0.0.1 /LinxwFFcms/install.php
INFO: [ app_init ] --START--
INFO: Run Behavior\BuildLiteBehavior [ RunTime:0.001000s ]
INFO: [ app_init ] --END-- [ RunTime:0.001000s ]
INFO: [ app_begin ] --START--
INFO: Run Behavior\ReadHtmlCacheBehavior [ RunTime:0.000000s ]
INFO: [ app_begin ] --END-- [ RunTime:0.001000s ]
INFO: [ view_parse ] --START--
INFO: [ template_filter ] --START--
INFO: Run Behavior\ContentReplaceBehavior [ RunTime:0.000000s ]
INFO: [ template_filter ] --END-- [ RunTime:0.001000s ]
INFO: Run Behavior\ParseTemplateBehavior [ RunTime:0.037003s ]
INFO: [ view_parse ] --END-- [ RunTime:0.037003s ]
INFO: [ view_filter ] --START--
INFO: Run Behavior\WriteHtmlCacheBehavior [ RunTime:0.000000s ]
INFO: [ view_filter ] --END-- [ RunTime:0.000000s ]
INFO: [ app_end ] --START--
INFO: Run Behavior\ShowPageTraceBehavior [ RunTime:0.000000s ]
INFO: [ app_end ] --END-- [ RunTime:0.001000s ]

[ 2018-01-15T21:09:11+08:00 ] 127.0.0.1 /LinxwFFcms/install.php
INFO: [ app_init ] --START--
INFO: Run Behavior\BuildLiteBehavior [ RunTime:0.001000s ]
INFO: [ app_init ] --END-- [ RunTime:0.001000s ]
INFO: [ app_begin ] --START--
INFO: Run Behavior\ReadHtmlCacheBehavior [ RunTime:0.001000s ]
INFO: [ app_begin ] --END-- [ RunTime:0.001000s ]
INFO: [ view_parse ] --START--
INFO: [ template_filter ] --START--
INFO: Run Behavior\ContentReplaceBehavior [ RunTime:0.001000s ]
INFO: [ template_filter ] --END-- [ RunTime:0.001000s ]
INFO: Run Behavior\ParseTemplateBehavior [ RunTime:0.044003s ]
INFO: [ view_parse ] --END-- [ RunTime:0.044003s ]
INFO: [ view_filter ] --START--
INFO: Run Behavior\WriteHtmlCacheBehavior [ RunTime:0.001000s ]
INFO: [ view_filter ] --END-- [ RunTime:0.001000s ]
INFO: [ app_end ] --START--
INFO: Run Behavior\ShowPageTraceBehavior [ RunTime:0.001000s ]
INFO: [ app_end ] --END-- [ RunTime:0.001000s ]

[ 2018-01-15T21:09:40+08:00 ] 127.0.0.1 /LinxwFFcms/install.php
INFO: [ app_init ] --START--
INFO: Run Behavior\BuildLiteBehavior [ RunTime:0.000000s ]
INFO: [ app_init ] --END-- [ RunTime:0.001000s ]
INFO: [ app_begin ] --START--
INFO: Run Behavior\ReadHtmlCacheBehavior [ RunTime:0.001001s ]
INFO: [ app_begin ] --END-- [ RunTime:0.001001s ]
INFO: [ view_parse ] --START--
INFO: [ template_filter ] --START--
INFO: Run Behavior\ContentReplaceBehavior [ RunTime:0.000000s ]
INFO: [ template_filter ] --END-- [ RunTime:0.001000s ]
INFO: Run Behavior\ParseTemplateBehavior [ RunTime:0.035002s ]
INFO: [ view_parse ] --END-- [ RunTime:0.035002s ]
INFO: [ view_filter ] --START--
INFO: Run Behavior\WriteHtmlCacheBehavior [ RunTime:0.000000s ]
INFO: [ view_filter ] --END-- [ RunTime:0.001000s ]
INFO: [ app_end ] --START--
INFO: Run Behavior\ShowPageTraceBehavior [ RunTime:0.000000s ]
INFO: [ app_end ] --END-- [ RunTime:0.001000s ]

[ 2018-01-15T21:09:41+08:00 ] 127.0.0.1 /LinxwFFcms/install.php
INFO: [ app_init ] --START--
INFO: Run Behavior\BuildLiteBehavior [ RunTime:0.000000s ]
INFO: [ app_init ] --END-- [ RunTime:0.001000s ]
INFO: [ app_begin ] --START--
INFO: Run Behavior\ReadHtmlCacheBehavior [ RunTime:0.001000s ]
INFO: [ app_begin ] --END-- [ RunTime:0.001000s ]
INFO: [ view_parse ] --START--
INFO: [ template_filter ] --START--
INFO: Run Behavior\ContentReplaceBehavior [ RunTime:0.001000s ]
INFO: [ template_filter ] --END-- [ RunTime:0.001000s ]
INFO: Run Behavior\ParseTemplateBehavior [ RunTime:0.037003s ]
INFO: [ view_parse ] --END-- [ RunTime:0.037003s ]
INFO: [ view_filter ] --START--
INFO: Run Behavior\WriteHtmlCacheBehavior [ RunTime:0.001000s ]
INFO: [ view_filter ] --END-- [ RunTime:0.001000s ]
INFO: [ app_end ] --START--
INFO: Run Behavior\ShowPageTraceBehavior [ RunTime:0.001000s ]
INFO: [ app_end ] --END-- [ RunTime:0.001000s ]

[ 2018-01-15T21:10:10+08:00 ] 127.0.0.1 /LinxwFFcms/install.php
INFO: [ app_init ] --START--
INFO: Run Behavior\BuildLiteBehavior [ RunTime:0.000000s ]
INFO: [ app_init ] --END-- [ RunTime:0.002000s ]
INFO: [ app_begin ] --START--
INFO: Run Behavior\ReadHtmlCacheBehavior [ RunTime:0.001000s ]
INFO: [ app_begin ] --END-- [ RunTime:0.001000s ]
INFO: [ view_parse ] --START--
INFO: [ template_filter ] --START--
INFO: Run Behavior\ContentReplaceBehavior [ RunTime:0.000000s ]
INFO: [ template_filter ] --END-- [ RunTime:0.000000s ]
INFO: Run Behavior\ParseTemplateBehavior [ RunTime:0.027002s ]
INFO: [ view_parse ] --END-- [ RunTime:0.028002s ]
INFO: [ view_filter ] --START--
INFO: Run Behavior\WriteHtmlCacheBehavior [ RunTime:0.000000s ]
INFO: [ view_filter ] --END-- [ RunTime:0.000000s ]
INFO: [ app_end ] --START--
INFO: Run Behavior\ShowPageTraceBehavior [ RunTime:0.000000s ]
INFO: [ app_end ] --END-- [ RunTime:0.001000s ]

[ 2018-01-15T21:10:22+08:00 ] 127.0.0.1 /LinxwFFcms/install.php
INFO: [ app_init ] --START--
INFO: Run Behavior\BuildLiteBehavior [ RunTime:0.000000s ]
INFO: [ app_init ] --END-- [ RunTime:0.001000s ]
INFO: [ app_begin ] --START--
INFO: Run Behavior\ReadHtmlCacheBehavior [ RunTime:0.001000s ]
INFO: [ app_begin ] --END-- [ RunTime:0.001000s ]
INFO: [ view_parse ] --START--
INFO: [ template_filter ] --START--
INFO: Run Behavior\ContentReplaceBehavior [ RunTime:0.000000s ]
INFO: [ template_filter ] --END-- [ RunTime:0.000000s ]
INFO: Run Behavior\ParseTemplateBehavior [ RunTime:0.029002s ]
INFO: [ view_parse ] --END-- [ RunTime:0.030002s ]
INFO: [ view_filter ] --START--
INFO: Run Behavior\WriteHtmlCacheBehavior [ RunTime:0.000000s ]
INFO: [ view_filter ] --END-- [ RunTime:0.000000s ]
INFO: [ app_end ] --START--
INFO: Run Behavior\ShowPageTraceBehavior [ RunTime:0.000000s ]
INFO: [ app_end ] --END-- [ RunTime:0.000000s ]

[ 2018-01-15T21:10:27+08:00 ] 127.0.0.1 /LinxwFFcms/install.php?m=Install&c=Index&a=step2
INFO: [ app_init ] --START--
INFO: Run Behavior\BuildLiteBehavior [ RunTime:0.000000s ]
INFO: [ app_init ] --END-- [ RunTime:0.001001s ]
INFO: [ app_begin ] --START--
INFO: Run Behavior\ReadHtmlCacheBehavior [ RunTime:0.000000s ]
INFO: [ app_begin ] --END-- [ RunTime:0.001000s ]
NOTIC: [2] Missing argument 1 for Libs\Util\Dir::__construct(), called in G:\wamp64\www\LinxwFFcms\app\Application\Install\Controller\IndexController.class.php on line 68 and defined G:\wamp64\www\LinxwFFcms\app\Libs\Util\Dir.class.php 第 41 行.
NOTIC: [8] Undefined variable: path G:\wamp64\www\LinxwFFcms\app\Libs\Util\Dir.class.php 第 42 行.
NOTIC: [8] Undefined variable: path G:\wamp64\www\LinxwFFcms\app\Libs\Util\Dir.class.php 第 43 行.
INFO: [ view_parse ] --START--
INFO: [ template_filter ] --START--
INFO: Run Behavior\ContentReplaceBehavior [ RunTime:0.001000s ]
INFO: [ template_filter ] --END-- [ RunTime:0.001000s ]
INFO: Run Behavior\ParseTemplateBehavior [ RunTime:0.025002s ]
INFO: [ view_parse ] --END-- [ RunTime:0.025002s ]
INFO: [ view_filter ] --START--
INFO: Run Behavior\WriteHtmlCacheBehavior [ RunTime:0.001000s ]
INFO: [ view_filter ] --END-- [ RunTime:0.001000s ]
INFO: [ app_end ] --START--
INFO: Run Behavior\ShowPageTraceBehavior [ RunTime:0.001000s ]
INFO: [ app_end ] --END-- [ RunTime:0.001000s ]

[ 2018-01-15T21:10:34+08:00 ] 127.0.0.1 /LinxwFFcms/install.php?m=Install&c=Index&a=step2
INFO: [ app_init ] --START--
INFO: Run Behavior\BuildLiteBehavior [ RunTime:0.000000s ]
INFO: [ app_init ] --END-- [ RunTime:0.001000s ]
INFO: [ app_begin ] --START--
INFO: Run Behavior\ReadHtmlCacheBehavior [ RunTime:0.001000s ]
INFO: [ app_begin ] --END-- [ RunTime:0.001000s ]
NOTIC: [2] Missing argument 1 for Libs\Util\Dir::__construct(), called in G:\wamp64\www\LinxwFFcms\app\Application\Install\Controller\IndexController.class.php on line 68 and defined G:\wamp64\www\LinxwFFcms\app\Libs\Util\Dir.class.php 第 41 行.
NOTIC: [8] Undefined variable: path G:\wamp64\www\LinxwFFcms\app\Libs\Util\Dir.class.php 第 42 行.
NOTIC: [8] Undefined variable: path G:\wamp64\www\LinxwFFcms\app\Libs\Util\Dir.class.php 第 43 行.
INFO: [ view_parse ] --START--
INFO: [ template_filter ] --START--
INFO: Run Behavior\ContentReplaceBehavior [ RunTime:0.001000s ]
INFO: [ template_filter ] --END-- [ RunTime:0.001000s ]
INFO: Run Behavior\ParseTemplateBehavior [ RunTime:0.026002s ]
INFO: [ view_parse ] --END-- [ RunTime:0.026002s ]
INFO: [ view_filter ] --START--
INFO: Run Behavior\WriteHtmlCacheBehavior [ RunTime:0.001000s ]
INFO: [ view_filter ] --END-- [ RunTime:0.001000s ]
INFO: [ app_end ] --START--
INFO: Run Behavior\ShowPageTraceBehavior [ RunTime:0.001000s ]
INFO: [ app_end ] --END-- [ RunTime:0.001000s ]

[ 2018-01-15T21:10:39+08:00 ] 127.0.0.1 /LinxwFFcms/install.php?m=Install&c=Index&a=step3
INFO: [ app_init ] --START--
INFO: Run Behavior\BuildLiteBehavior [ RunTime:0.000000s ]
INFO: [ app_init ] --END-- [ RunTime:0.000000s ]
INFO: [ app_begin ] --START--
INFO: Run Behavior\ReadHtmlCacheBehavior [ RunTime:0.001000s ]
INFO: [ app_begin ] --END-- [ RunTime:0.001000s ]
INFO: [ view_parse ] --START--
INFO: [ template_filter ] --START--
INFO: Run Behavior\ContentReplaceBehavior [ RunTime:0.001000s ]
INFO: [ template_filter ] --END-- [ RunTime:0.001000s ]
INFO: Run Behavior\ParseTemplateBehavior [ RunTime:0.028001s ]
INFO: [ view_parse ] --END-- [ RunTime:0.028001s ]
INFO: [ view_filter ] --START--
INFO: Run Behavior\WriteHtmlCacheBehavior [ RunTime:0.000000s ]
INFO: [ view_filter ] --END-- [ RunTime:0.000000s ]
INFO: [ app_end ] --START--
INFO: Run Behavior\ShowPageTraceBehavior [ RunTime:0.001000s ]
INFO: [ app_end ] --END-- [ RunTime:0.001000s ]

[ 2018-01-15T21:11:50+08:00 ] 127.0.0.1 /LinxwFFcms/install.php?m=Install&c=Index&a=condb
INFO: [ app_init ] --START--
INFO: Run Behavior\BuildLiteBehavior [ RunTime:0.000000s ]
INFO: [ app_init ] --END-- [ RunTime:0.001001s ]
INFO: [ app_begin ] --START--
INFO: Run Behavior\ReadHtmlCacheBehavior [ RunTime:0.001000s ]
INFO: [ app_begin ] --END-- [ RunTime:0.001000s ]
NOTIC: [8192] mysql_connect(): The mysql extension is deprecated and will be removed in the future: use mysqli or PDO instead G:\wamp64\www\LinxwFFcms\app\Application\Install\Controller\IndexController.class.php 第 277 行.

[ 2018-01-15T21:12:22+08:00 ] 127.0.0.1 /LinxwFFcms/install.php?m=Install&c=Index&a=step3
INFO: [ app_init ] --START--
INFO: Run Behavior\BuildLiteBehavior [ RunTime:0.000000s ]
INFO: [ app_init ] --END-- [ RunTime:0.000000s ]
INFO: [ app_begin ] --START--
INFO: Run Behavior\ReadHtmlCacheBehavior [ RunTime:0.001001s ]
INFO: [ app_begin ] --END-- [ RunTime:0.001001s ]
INFO: [ view_parse ] --START--
INFO: [ template_filter ] --START--
INFO: Run Behavior\ContentReplaceBehavior [ RunTime:0.000000s ]
INFO: [ template_filter ] --END-- [ RunTime:0.000000s ]
INFO: Run Behavior\ParseTemplateBehavior [ RunTime:0.036002s ]
INFO: [ view_parse ] --END-- [ RunTime:0.036002s ]
INFO: [ view_filter ] --START--
INFO: Run Behavior\WriteHtmlCacheBehavior [ RunTime:0.001000s ]
INFO: [ view_filter ] --END-- [ RunTime:0.001000s ]
INFO: [ app_end ] --START--
INFO: Run Behavior\ShowPageTraceBehavior [ RunTime:0.001000s ]
INFO: [ app_end ] --END-- [ RunTime:0.002000s ]

[ 2018-01-15T21:12:44+08:00 ] 127.0.0.1 /LinxwFFcms/install.php?m=Install&c=Index&a=step3
INFO: [ app_init ] --START--
INFO: Run Behavior\BuildLiteBehavior [ RunTime:0.000000s ]
INFO: [ app_init ] --END-- [ RunTime:0.000000s ]
INFO: [ app_begin ] --START--
INFO: Run Behavior\ReadHtmlCacheBehavior [ RunTime:0.000000s ]
INFO: [ app_begin ] --END-- [ RunTime:0.001000s ]
INFO: [ view_parse ] --START--
INFO: [ template_filter ] --START--
INFO: Run Behavior\ContentReplaceBehavior [ RunTime:0.001000s ]
INFO: [ template_filter ] --END-- [ RunTime:0.001000s ]
INFO: Run Behavior\ParseTemplateBehavior [ RunTime:0.029001s ]
INFO: [ view_parse ] --END-- [ RunTime:0.029001s ]
INFO: [ view_filter ] --START--
INFO: Run Behavior\WriteHtmlCacheBehavior [ RunTime:0.001000s ]
INFO: [ view_filter ] --END-- [ RunTime:0.001000s ]
INFO: [ app_end ] --START--
INFO: Run Behavior\ShowPageTraceBehavior [ RunTime:0.001001s ]
INFO: [ app_end ] --END-- [ RunTime:0.001001s ]

[ 2018-01-15T21:12:47+08:00 ] 127.0.0.1 /LinxwFFcms/install.php?m=Install&c=Index&a=condb
INFO: [ app_init ] --START--
INFO: Run Behavior\BuildLiteBehavior [ RunTime:0.000000s ]
INFO: [ app_init ] --END-- [ RunTime:0.001000s ]
INFO: [ app_begin ] --START--
INFO: Run Behavior\ReadHtmlCacheBehavior [ RunTime:0.001000s ]
INFO: [ app_begin ] --END-- [ RunTime:0.001000s ]
NOTIC: [8192] mysql_connect(): The mysql extension is deprecated and will be removed in the future: use mysqli or PDO instead G:\wamp64\www\LinxwFFcms\app\Application\Install\Controller\IndexController.class.php 第 277 行.

[ 2018-01-15T21:13:19+08:00 ] 127.0.0.1 /LinxwFFcms/install.php?m=Install&c=Index&a=step3
INFO: [ app_init ] --START--
INFO: Run Behavior\BuildLiteBehavior [ RunTime:0.000000s ]
INFO: [ app_init ] --END-- [ RunTime:0.000000s ]
INFO: [ app_begin ] --START--
INFO: Run Behavior\ReadHtmlCacheBehavior [ RunTime:0.001000s ]
INFO: [ app_begin ] --END-- [ RunTime:0.001000s ]
INFO: [ view_parse ] --START--
INFO: [ template_filter ] --START--
INFO: Run Behavior\ContentReplaceBehavior [ RunTime:0.001000s ]
INFO: [ template_filter ] --END-- [ RunTime:0.001000s ]
INFO: Run Behavior\ParseTemplateBehavior [ RunTime:0.028001s ]
INFO: [ view_parse ] --END-- [ RunTime:0.029001s ]
INFO: [ view_filter ] --START--
INFO: Run Behavior\WriteHtmlCacheBehavior [ RunTime:0.000000s ]
INFO: [ view_filter ] --END-- [ RunTime:0.001000s ]
INFO: [ app_end ] --START--
INFO: Run Behavior\ShowPageTraceBehavior [ RunTime:0.001000s ]
INFO: [ app_end ] --END-- [ RunTime:0.002001s ]

[ 2018-01-15T21:14:18+08:00 ] 127.0.0.1 /LinxwFFcms/install.php?m=Install&c=Index&a=step3
INFO: [ app_init ] --START--
INFO: Run Behavior\BuildLiteBehavior [ RunTime:0.000000s ]
INFO: [ app_init ] --END-- [ RunTime:0.000000s ]
INFO: [ app_begin ] --START--
INFO: Run Behavior\ReadHtmlCacheBehavior [ RunTime:0.000000s ]
INFO: [ app_begin ] --END-- [ RunTime:0.000000s ]
INFO: [ view_parse ] --START--
INFO: [ template_filter ] --START--
INFO: Run Behavior\ContentReplaceBehavior [ RunTime:0.000000s ]
INFO: [ template_filter ] --END-- [ RunTime:0.000000s ]
INFO: Run Behavior\ParseTemplateBehavior [ RunTime:0.025001s ]
INFO: [ view_parse ] --END-- [ RunTime:0.025001s ]
INFO: [ view_filter ] --START--
INFO: Run Behavior\WriteHtmlCacheBehavior [ RunTime:0.001000s ]
INFO: [ view_filter ] --END-- [ RunTime:0.001000s ]
INFO: [ app_end ] --START--
INFO: Run Behavior\ShowPageTraceBehavior [ RunTime:0.001000s ]
INFO: [ app_end ] --END-- [ RunTime:0.002000s ]

[ 2018-01-15T21:15:01+08:00 ] 127.0.0.1 /LinxwFFcms/install.php?m=Install&c=Index&a=step3
INFO: [ app_init ] --START--
INFO: Run Behavior\BuildLiteBehavior [ RunTime:0.000000s ]
INFO: [ app_init ] --END-- [ RunTime:0.000000s ]
INFO: [ app_begin ] --START--
INFO: Run Behavior\ReadHtmlCacheBehavior [ RunTime:0.000000s ]
INFO: [ app_begin ] --END-- [ RunTime:0.001000s ]
INFO: [ view_parse ] --START--
INFO: [ template_filter ] --START--
INFO: Run Behavior\ContentReplaceBehavior [ RunTime:0.000000s ]
INFO: [ template_filter ] --END-- [ RunTime:0.001000s ]
INFO: Run Behavior\ParseTemplateBehavior [ RunTime:0.026001s ]
INFO: [ view_parse ] --END-- [ RunTime:0.026001s ]
INFO: [ view_filter ] --START--
INFO: Run Behavior\WriteHtmlCacheBehavior [ RunTime:0.001000s ]
INFO: [ view_filter ] --END-- [ RunTime:0.001000s ]
INFO: [ app_end ] --START--
INFO: Run Behavior\ShowPageTraceBehavior [ RunTime:0.001000s ]
INFO: [ app_end ] --END-- [ RunTime:0.001000s ]

[ 2018-01-15T21:15:25+08:00 ] 127.0.0.1 /LinxwFFcms/install.php?m=Install&c=Index&a=step3
INFO: [ app_init ] --START--
INFO: Run Behavior\BuildLiteBehavior [ RunTime:0.000000s ]
INFO: [ app_init ] --END-- [ RunTime:0.001000s ]
INFO: [ app_begin ] --START--
INFO: Run Behavior\ReadHtmlCacheBehavior [ RunTime:0.001000s ]
INFO: [ app_begin ] --END-- [ RunTime:0.001000s ]
INFO: [ view_parse ] --START--
INFO: [ template_filter ] --START--
INFO: Run Behavior\ContentReplaceBehavior [ RunTime:0.000000s ]
INFO: [ template_filter ] --END-- [ RunTime:0.000000s ]
INFO: Run Behavior\ParseTemplateBehavior [ RunTime:0.026002s ]
INFO: [ view_parse ] --END-- [ RunTime:0.026002s ]
INFO: [ view_filter ] --START--
INFO: Run Behavior\WriteHtmlCacheBehavior [ RunTime:0.001000s ]
INFO: [ view_filter ] --END-- [ RunTime:0.001000s ]
INFO: [ app_end ] --START--
INFO: Run Behavior\ShowPageTraceBehavior [ RunTime:0.001000s ]
INFO: [ app_end ] --END-- [ RunTime:0.001000s ]

[ 2018-01-15T21:16:26+08:00 ] 127.0.0.1 /LinxwFFcms/install.php?m=Install&c=Index&a=step3
INFO: [ app_init ] --START--
INFO: Run Behavior\BuildLiteBehavior [ RunTime:0.000000s ]
INFO: [ app_init ] --END-- [ RunTime:0.001000s ]
INFO: [ app_begin ] --START--
INFO: Run Behavior\ReadHtmlCacheBehavior [ RunTime:0.001000s ]
INFO: [ app_begin ] --END-- [ RunTime:0.001000s ]
INFO: [ view_parse ] --START--
INFO: [ template_filter ] --START--
INFO: Run Behavior\ContentReplaceBehavior [ RunTime:0.000000s ]
INFO: [ template_filter ] --END-- [ RunTime:0.001000s ]
INFO: Run Behavior\ParseTemplateBehavior [ RunTime:0.027002s ]
INFO: [ view_parse ] --END-- [ RunTime:0.027002s ]
INFO: [ view_filter ] --START--
INFO: Run Behavior\WriteHtmlCacheBehavior [ RunTime:0.001000s ]
INFO: [ view_filter ] --END-- [ RunTime:0.001000s ]
INFO: [ app_end ] --START--
INFO: Run Behavior\ShowPageTraceBehavior [ RunTime:0.001000s ]
INFO: [ app_end ] --END-- [ RunTime:0.001000s ]

[ 2018-01-15T21:16:47+08:00 ] 127.0.0.1 /LinxwFFcms/install.php?m=Install&c=Index&a=condb
INFO: [ app_init ] --START--
INFO: Run Behavior\BuildLiteBehavior [ RunTime:0.000000s ]
INFO: [ app_init ] --END-- [ RunTime:0.001000s ]
INFO: [ app_begin ] --START--
INFO: Run Behavior\ReadHtmlCacheBehavior [ RunTime:0.000000s ]
INFO: [ app_begin ] --END-- [ RunTime:0.000000s ]
NOTIC: [8192] mysql_connect(): The mysql extension is deprecated and will be removed in the future: use mysqli or PDO instead G:\wamp64\www\LinxwFFcms\app\Application\Install\Controller\IndexController.class.php 第 278 行.

[ 2018-01-15T21:19:11+08:00 ] 127.0.0.1 /LinxwFFcms/install.php?m=Install&c=Index&a=step3
INFO: [ app_init ] --START--
INFO: Run Behavior\BuildLiteBehavior [ RunTime:0.000000s ]
INFO: [ app_init ] --END-- [ RunTime:0.001000s ]
INFO: [ app_begin ] --START--
INFO: Run Behavior\ReadHtmlCacheBehavior [ RunTime:0.001000s ]
INFO: [ app_begin ] --END-- [ RunTime:0.001000s ]
INFO: [ view_parse ] --START--
INFO: [ template_filter ] --START--
INFO: Run Behavior\ContentReplaceBehavior [ RunTime:0.001000s ]
INFO: [ template_filter ] --END-- [ RunTime:0.001000s ]
INFO: Run Behavior\ParseTemplateBehavior [ RunTime:0.028002s ]
INFO: [ view_parse ] --END-- [ RunTime:0.028002s ]
INFO: [ view_filter ] --START--
INFO: Run Behavior\WriteHtmlCacheBehavior [ RunTime:0.000000s ]
INFO: [ view_filter ] --END-- [ RunTime:0.000000s ]
INFO: [ app_end ] --START--
INFO: Run Behavior\ShowPageTraceBehavior [ RunTime:0.002000s ]
INFO: [ app_end ] --END-- [ RunTime:0.002000s ]

[ 2018-01-15T21:19:48+08:00 ] 127.0.0.1 /LinxwFFcms/install.php?m=Install&c=Index&a=step3
INFO: [ app_init ] --START--
INFO: Run Behavior\BuildLiteBehavior [ RunTime:0.000000s ]
INFO: [ app_init ] --END-- [ RunTime:0.001000s ]
INFO: [ app_begin ] --START--
INFO: Run Behavior\ReadHtmlCacheBehavior [ RunTime:0.000000s ]
INFO: [ app_begin ] --END-- [ RunTime:0.001000s ]
INFO: [ view_parse ] --START--
INFO: [ template_filter ] --START--
INFO: Run Behavior\ContentReplaceBehavior [ RunTime:0.000000s ]
INFO: [ template_filter ] --END-- [ RunTime:0.001000s ]
INFO: Run Behavior\ParseTemplateBehavior [ RunTime:0.028002s ]
INFO: [ view_parse ] --END-- [ RunTime:0.028002s ]
INFO: [ view_filter ] --START--
INFO: Run Behavior\WriteHtmlCacheBehavior [ RunTime:0.001000s ]
INFO: [ view_filter ] --END-- [ RunTime:0.001000s ]
INFO: [ app_end ] --START--
INFO: Run Behavior\ShowPageTraceBehavior [ RunTime:0.001000s ]
INFO: [ app_end ] --END-- [ RunTime:0.002000s ]

[ 2018-01-15T21:19:51+08:00 ] 127.0.0.1 /LinxwFFcms/install.php?m=Install&c=Index&a=condb
INFO: [ app_init ] --START--
INFO: Run Behavior\BuildLiteBehavior [ RunTime:0.000000s ]
INFO: [ app_init ] --END-- [ RunTime:0.001000s ]
INFO: [ app_begin ] --START--
INFO: Run Behavior\ReadHtmlCacheBehavior [ RunTime:0.001000s ]
INFO: [ app_begin ] --END-- [ RunTime:0.001000s ]
NOTIC: [8192] mysql_connect(): The mysql extension is deprecated and will be removed in the future: use mysqli or PDO instead G:\wamp64\www\LinxwFFcms\app\Application\Install\Controller\IndexController.class.php 第 278 行.

[ 2018-01-15T21:19:54+08:00 ] 127.0.0.1 /LinxwFFcms/install.php?m=Install&c=Index&a=step4
INFO: [ app_init ] --START--
INFO: Run Behavior\BuildLiteBehavior [ RunTime:0.001000s ]
INFO: [ app_init ] --END-- [ RunTime:0.001000s ]
INFO: [ app_begin ] --START--
INFO: Run Behavior\ReadHtmlCacheBehavior [ RunTime:0.001000s ]
INFO: [ app_begin ] --END-- [ RunTime:0.001000s ]
INFO: [ view_parse ] --START--
INFO: [ template_filter ] --START--
INFO: Run Behavior\ContentReplaceBehavior [ RunTime:0.001000s ]
INFO: [ template_filter ] --END-- [ RunTime:0.001000s ]
INFO: Run Behavior\ParseTemplateBehavior [ RunTime:0.026002s ]
INFO: [ view_parse ] --END-- [ RunTime:0.027002s ]
INFO: [ view_filter ] --START--
INFO: Run Behavior\WriteHtmlCacheBehavior [ RunTime:0.000000s ]
INFO: [ view_filter ] --END-- [ RunTime:0.000000s ]
INFO: [ app_end ] --START--
INFO: Run Behavior\ShowPageTraceBehavior [ RunTime:0.000000s ]
INFO: [ app_end ] --END-- [ RunTime:0.000000s ]

[ 2018-01-15T21:19:54+08:00 ] 127.0.0.1 /LinxwFFcms/install.php?g=Install&m=Index&a=mysql&n=0
INFO: [ app_init ] --START--
INFO: Run Behavior\BuildLiteBehavior [ RunTime:0.000000s ]
INFO: [ app_init ] --END-- [ RunTime:0.001000s ]
INFO: [ app_begin ] --START--
INFO: Run Behavior\ReadHtmlCacheBehavior [ RunTime:0.001000s ]
INFO: [ app_begin ] --END-- [ RunTime:0.002000s ]
NOTIC: [8192] mysql_connect(): The mysql extension is deprecated and will be removed in the future: use mysqli or PDO instead G:\wamp64\www\LinxwFFcms\app\Application\Install\Controller\IndexController.class.php 第 174 行.

[ 2018-01-15T21:19:54+08:00 ] 127.0.0.1 /LinxwFFcms/install.php?g=Install&m=Index&a=mysql&n=1
INFO: [ app_init ] --START--
INFO: Run Behavior\BuildLiteBehavior [ RunTime:0.000000s ]
INFO: [ app_init ] --END-- [ RunTime:0.001000s ]
INFO: [ app_begin ] --START--
INFO: Run Behavior\ReadHtmlCacheBehavior [ RunTime:0.002000s ]
INFO: [ app_begin ] --END-- [ RunTime:0.002000s ]
NOTIC: [8192] mysql_connect(): The mysql extension is deprecated and will be removed in the future: use mysqli or PDO instead G:\wamp64\www\LinxwFFcms\app\Application\Install\Controller\IndexController.class.php 第 174 行.
NOTIC: [2] file_get_contents(G:\wamp64\www\LinxwFFcms/app/Application/Install/Data/sikcms_demo.sql): failed to open stream: No such file or directory G:\wamp64\www\LinxwFFcms\app\Application\Install\Controller\IndexController.class.php 第 202 行.
NOTIC: [8] Undefined variable: s_tablepre G:\wamp64\www\LinxwFFcms\app\Application\Install\Common\function.php 第 30 行.
NOTIC: [8] Undefined variable: r_tablepre G:\wamp64\www\LinxwFFcms\app\Application\Install\Common\function.php 第 30 行.

[ 2018-01-15T21:19:54+08:00 ] 127.0.0.1 /LinxwFFcms/install.php?g=Install&m=Index&a=mysql&n=3
INFO: [ app_init ] --START--
INFO: Run Behavior\BuildLiteBehavior [ RunTime:0.000000s ]
INFO: [ app_init ] --END-- [ RunTime:0.001000s ]
INFO: [ app_begin ] --START--
INFO: Run Behavior\ReadHtmlCacheBehavior [ RunTime:0.000000s ]
INFO: [ app_begin ] --END-- [ RunTime:0.001000s ]
NOTIC: [8192] mysql_connect(): The mysql extension is deprecated and will be removed in the future: use mysqli or PDO instead G:\wamp64\www\LinxwFFcms\app\Application\Install\Controller\IndexController.class.php 第 174 行.
NOTIC: [2] file_get_contents(G:\wamp64\www\LinxwFFcms/app/Application/Install/Data/sikcms_demo.sql): failed to open stream: No such file or directory G:\wamp64\www\LinxwFFcms\app\Application\Install\Controller\IndexController.class.php 第 202 行.
NOTIC: [8] Undefined variable: s_tablepre G:\wamp64\www\LinxwFFcms\app\Application\Install\Common\function.php 第 30 行.
NOTIC: [8] Undefined variable: r_tablepre G:\wamp64\www\LinxwFFcms\app\Application\Install\Common\function.php 第 30 行.

[ 2018-01-15T21:19:54+08:00 ] 127.0.0.1 /LinxwFFcms/install.php?g=Install&m=Index&a=mysql&n=14
INFO: [ app_init ] --START--
INFO: Run Behavior\BuildLiteBehavior [ RunTime:0.000000s ]
INFO: [ app_init ] --END-- [ RunTime:0.001000s ]
INFO: [ app_begin ] --START--
INFO: Run Behavior\ReadHtmlCacheBehavior [ RunTime:0.001000s ]
INFO: [ app_begin ] --END-- [ RunTime:0.002000s ]
NOTIC: [8192] mysql_connect(): The mysql extension is deprecated and will be removed in the future: use mysqli or PDO instead G:\wamp64\www\LinxwFFcms\app\Application\Install\Controller\IndexController.class.php 第 174 行.
NOTIC: [2] file_get_contents(G:\wamp64\www\LinxwFFcms/app/Application/Install/Data/sikcms_demo.sql): failed to open stream: No such file or directory G:\wamp64\www\LinxwFFcms\app\Application\Install\Controller\IndexController.class.php 第 202 行.
NOTIC: [8] Undefined variable: s_tablepre G:\wamp64\www\LinxwFFcms\app\Application\Install\Common\function.php 第 30 行.
NOTIC: [8] Undefined variable: r_tablepre G:\wamp64\www\LinxwFFcms\app\Application\Install\Common\function.php 第 30 行.

[ 2018-01-15T21:19:54+08:00 ] 127.0.0.1 /LinxwFFcms/install.php?g=Install&m=Index&a=mysql&n=17
INFO: [ app_init ] --START--
INFO: Run Behavior\BuildLiteBehavior [ RunTime:0.000000s ]
INFO: [ app_init ] --END-- [ RunTime:0.002000s ]
INFO: [ app_begin ] --START--
INFO: Run Behavior\ReadHtmlCacheBehavior [ RunTime:0.001000s ]
INFO: [ app_begin ] --END-- [ RunTime:0.001000s ]
NOTIC: [8192] mysql_connect(): The mysql extension is deprecated and will be removed in the future: use mysqli or PDO instead G:\wamp64\www\LinxwFFcms\app\Application\Install\Controller\IndexController.class.php 第 174 行.
NOTIC: [2] file_get_contents(G:\wamp64\www\LinxwFFcms/app/Application/Install/Data/sikcms_demo.sql): failed to open stream: No such file or directory G:\wamp64\www\LinxwFFcms\app\Application\Install\Controller\IndexController.class.php 第 202 行.
NOTIC: [8] Undefined variable: s_tablepre G:\wamp64\www\LinxwFFcms\app\Application\Install\Common\function.php 第 30 行.
NOTIC: [8] Undefined variable: r_tablepre G:\wamp64\www\LinxwFFcms\app\Application\Install\Common\function.php 第 30 行.

[ 2018-01-15T21:19:54+08:00 ] 127.0.0.1 /LinxwFFcms/install.php?g=Install&m=Index&a=mysql&n=19
INFO: [ app_init ] --START--
INFO: Run Behavior\BuildLiteBehavior [ RunTime:0.000000s ]
INFO: [ app_init ] --END-- [ RunTime:0.001000s ]
INFO: [ app_begin ] --START--
INFO: Run Behavior\ReadHtmlCacheBehavior [ RunTime:0.000000s ]
INFO: [ app_begin ] --END-- [ RunTime:0.001000s ]
NOTIC: [8192] mysql_connect(): The mysql extension is deprecated and will be removed in the future: use mysqli or PDO instead G:\wamp64\www\LinxwFFcms\app\Application\Install\Controller\IndexController.class.php 第 174 行.
NOTIC: [2] file_get_contents(G:\wamp64\www\LinxwFFcms/app/Application/Install/Data/sikcms_demo.sql): failed to open stream: No such file or directory G:\wamp64\www\LinxwFFcms\app\Application\Install\Controller\IndexController.class.php 第 202 行.
NOTIC: [8] Undefined variable: s_tablepre G:\wamp64\www\LinxwFFcms\app\Application\Install\Common\function.php 第 30 行.
NOTIC: [8] Undefined variable: r_tablepre G:\wamp64\www\LinxwFFcms\app\Application\Install\Common\function.php 第 30 行.

[ 2018-01-15T21:19:55+08:00 ] 127.0.0.1 /LinxwFFcms/install.php?g=Install&m=Index&a=mysql&n=21
INFO: [ app_init ] --START--
INFO: Run Behavior\BuildLiteBehavior [ RunTime:0.000000s ]
INFO: [ app_init ] --END-- [ RunTime:0.001000s ]
INFO: [ app_begin ] --START--
INFO: Run Behavior\ReadHtmlCacheBehavior [ RunTime:0.001000s ]
INFO: [ app_begin ] --END-- [ RunTime:0.001000s ]
NOTIC: [8192] mysql_connect(): The mysql extension is deprecated and will be removed in the future: use mysqli or PDO instead G:\wamp64\www\LinxwFFcms\app\Application\Install\Controller\IndexController.class.php 第 174 行.
NOTIC: [2] file_get_contents(G:\wamp64\www\LinxwFFcms/app/Application/Install/Data/sikcms_demo.sql): failed to open stream: No such file or directory G:\wamp64\www\LinxwFFcms\app\Application\Install\Controller\IndexController.class.php 第 202 行.
NOTIC: [8] Undefined variable: s_tablepre G:\wamp64\www\LinxwFFcms\app\Application\Install\Common\function.php 第 30 行.
NOTIC: [8] Undefined variable: r_tablepre G:\wamp64\www\LinxwFFcms\app\Application\Install\Common\function.php 第 30 行.

[ 2018-01-15T21:19:55+08:00 ] 127.0.0.1 /LinxwFFcms/install.php?g=Install&m=Index&a=mysql&n=23
INFO: [ app_init ] --START--
INFO: Run Behavior\BuildLiteBehavior [ RunTime:0.001000s ]
INFO: [ app_init ] --END-- [ RunTime:0.001000s ]
INFO: [ app_begin ] --START--
INFO: Run Behavior\ReadHtmlCacheBehavior [ RunTime:0.001000s ]
INFO: [ app_begin ] --END-- [ RunTime:0.002000s ]
NOTIC: [8192] mysql_connect(): The mysql extension is deprecated and will be removed in the future: use mysqli or PDO instead G:\wamp64\www\LinxwFFcms\app\Application\Install\Controller\IndexController.class.php 第 174 行.
NOTIC: [2] file_get_contents(G:\wamp64\www\LinxwFFcms/app/Application/Install/Data/sikcms_demo.sql): failed to open stream: No such file or directory G:\wamp64\www\LinxwFFcms\app\Application\Install\Controller\IndexController.class.php 第 202 行.
NOTIC: [8] Undefined variable: s_tablepre G:\wamp64\www\LinxwFFcms\app\Application\Install\Common\function.php 第 30 行.
NOTIC: [8] Undefined variable: r_tablepre G:\wamp64\www\LinxwFFcms\app\Application\Install\Common\function.php 第 30 行.

[ 2018-01-15T21:19:55+08:00 ] 127.0.0.1 /LinxwFFcms/install.php?g=Install&m=Index&a=mysql&n=25
INFO: [ app_init ] --START--
INFO: Run Behavior\BuildLiteBehavior [ RunTime:0.000000s ]
INFO: [ app_init ] --END-- [ RunTime:0.001000s ]
INFO: [ app_begin ] --START--
INFO: Run Behavior\ReadHtmlCacheBehavior [ RunTime:0.001000s ]
INFO: [ app_begin ] --END-- [ RunTime:0.001000s ]
NOTIC: [8192] mysql_connect(): The mysql extension is deprecated and will be removed in the future: use mysqli or PDO instead G:\wamp64\www\LinxwFFcms\app\Application\Install\Controller\IndexController.class.php 第 174 行.
NOTIC: [2] file_get_contents(G:\wamp64\www\LinxwFFcms/app/Application/Install/Data/sikcms_demo.sql): failed to open stream: No such file or directory G:\wamp64\www\LinxwFFcms\app\Application\Install\Controller\IndexController.class.php 第 202 行.
NOTIC: [8] Undefined variable: s_tablepre G:\wamp64\www\LinxwFFcms\app\Application\Install\Common\function.php 第 30 行.
NOTIC: [8] Undefined variable: r_tablepre G:\wamp64\www\LinxwFFcms\app\Application\Install\Common\function.php 第 30 行.

[ 2018-01-15T21:19:55+08:00 ] 127.0.0.1 /LinxwFFcms/install.php?g=Install&m=Index&a=mysql&n=27
INFO: [ app_init ] --START--
INFO: Run Behavior\BuildLiteBehavior [ RunTime:0.000000s ]
INFO: [ app_init ] --END-- [ RunTime:0.001000s ]
INFO: [ app_begin ] --START--
INFO: Run Behavior\ReadHtmlCacheBehavior [ RunTime:0.001000s ]
INFO: [ app_begin ] --END-- [ RunTime:0.001000s ]
NOTIC: [8192] mysql_connect(): The mysql extension is deprecated and will be removed in the future: use mysqli or PDO instead G:\wamp64\www\LinxwFFcms\app\Application\Install\Controller\IndexController.class.php 第 174 行.
NOTIC: [2] file_get_contents(G:\wamp64\www\LinxwFFcms/app/Application/Install/Data/sikcms_demo.sql): failed to open stream: No such file or directory G:\wamp64\www\LinxwFFcms\app\Application\Install\Controller\IndexController.class.php 第 202 行.
NOTIC: [8] Undefined variable: s_tablepre G:\wamp64\www\LinxwFFcms\app\Application\Install\Common\function.php 第 30 行.
NOTIC: [8] Undefined variable: r_tablepre G:\wamp64\www\LinxwFFcms\app\Application\Install\Common\function.php 第 30 行.

[ 2018-01-15T21:19:55+08:00 ] 127.0.0.1 /LinxwFFcms/install.php?g=Install&m=Index&a=mysql&n=29
INFO: [ app_init ] --START--
INFO: Run Behavior\BuildLiteBehavior [ RunTime:0.000000s ]
INFO: [ app_init ] --END-- [ RunTime:0.001001s ]
INFO: [ app_begin ] --START--
INFO: Run Behavior\ReadHtmlCacheBehavior [ RunTime:0.001000s ]
INFO: [ app_begin ] --END-- [ RunTime:0.001000s ]
NOTIC: [8192] mysql_connect(): The mysql extension is deprecated and will be removed in the future: use mysqli or PDO instead G:\wamp64\www\LinxwFFcms\app\Application\Install\Controller\IndexController.class.php 第 174 行.
NOTIC: [2] file_get_contents(G:\wamp64\www\LinxwFFcms/app/Application/Install/Data/sikcms_demo.sql): failed to open stream: No such file or directory G:\wamp64\www\LinxwFFcms\app\Application\Install\Controller\IndexController.class.php 第 202 行.
NOTIC: [8] Undefined variable: s_tablepre G:\wamp64\www\LinxwFFcms\app\Application\Install\Common\function.php 第 30 行.
NOTIC: [8] Undefined variable: r_tablepre G:\wamp64\www\LinxwFFcms\app\Application\Install\Common\function.php 第 30 行.

[ 2018-01-15T21:19:55+08:00 ] 127.0.0.1 /LinxwFFcms/install.php?g=Install&m=Index&a=mysql&n=40
INFO: [ app_init ] --START--
INFO: Run Behavior\BuildLiteBehavior [ RunTime:0.000000s ]
INFO: [ app_init ] --END-- [ RunTime:0.001000s ]
INFO: [ app_begin ] --START--
INFO: Run Behavior\ReadHtmlCacheBehavior [ RunTime:0.001000s ]
INFO: [ app_begin ] --END-- [ RunTime:0.001000s ]
NOTIC: [8192] mysql_connect(): The mysql extension is deprecated and will be removed in the future: use mysqli or PDO instead G:\wamp64\www\LinxwFFcms\app\Application\Install\Controller\IndexController.class.php 第 174 行.
NOTIC: [2] file_get_contents(G:\wamp64\www\LinxwFFcms/app/Application/Install/Data/sikcms_demo.sql): failed to open stream: No such file or directory G:\wamp64\www\LinxwFFcms\app\Application\Install\Controller\IndexController.class.php 第 202 行.
NOTIC: [8] Undefined variable: s_tablepre G:\wamp64\www\LinxwFFcms\app\Application\Install\Common\function.php 第 30 行.
NOTIC: [8] Undefined variable: r_tablepre G:\wamp64\www\LinxwFFcms\app\Application\Install\Common\function.php 第 30 行.

[ 2018-01-15T21:19:55+08:00 ] 127.0.0.1 /LinxwFFcms/install.php?g=Install&m=Index&a=mysql&n=42
INFO: [ app_init ] --START--
INFO: Run Behavior\BuildLiteBehavior [ RunTime:0.000000s ]
INFO: [ app_init ] --END-- [ RunTime:0.001000s ]
INFO: [ app_begin ] --START--
INFO: Run Behavior\ReadHtmlCacheBehavior [ RunTime:0.001000s ]
INFO: [ app_begin ] --END-- [ RunTime:0.002001s ]
NOTIC: [8192] mysql_connect(): The mysql extension is deprecated and will be removed in the future: use mysqli or PDO instead G:\wamp64\www\LinxwFFcms\app\Application\Install\Controller\IndexController.class.php 第 174 行.
NOTIC: [2] file_get_contents(G:\wamp64\www\LinxwFFcms/app/Application/Install/Data/sikcms_demo.sql): failed to open stream: No such file or directory G:\wamp64\www\LinxwFFcms\app\Application\Install\Controller\IndexController.class.php 第 202 行.
NOTIC: [8] Undefined variable: s_tablepre G:\wamp64\www\LinxwFFcms\app\Application\Install\Common\function.php 第 30 行.
NOTIC: [8] Undefined variable: r_tablepre G:\wamp64\www\LinxwFFcms\app\Application\Install\Common\function.php 第 30 行.

[ 2018-01-15T21:19:55+08:00 ] 127.0.0.1 /LinxwFFcms/install.php?g=Install&m=Index&a=mysql&n=44
INFO: [ app_init ] --START--
INFO: Run Behavior\BuildLiteBehavior [ RunTime:0.000000s ]
INFO: [ app_init ] --END-- [ RunTime:0.001000s ]
INFO: [ app_begin ] --START--
INFO: Run Behavior\ReadHtmlCacheBehavior [ RunTime:0.001000s ]
INFO: [ app_begin ] --END-- [ RunTime:0.001000s ]
NOTIC: [8192] mysql_connect(): The mysql extension is deprecated and will be removed in the future: use mysqli or PDO instead G:\wamp64\www\LinxwFFcms\app\Application\Install\Controller\IndexController.class.php 第 174 行.
NOTIC: [2] file_get_contents(G:\wamp64\www\LinxwFFcms/app/Application/Install/Data/sikcms_demo.sql): failed to open stream: No such file or directory G:\wamp64\www\LinxwFFcms\app\Application\Install\Controller\IndexController.class.php 第 202 行.
NOTIC: [8] Undefined variable: s_tablepre G:\wamp64\www\LinxwFFcms\app\Application\Install\Common\function.php 第 30 行.
NOTIC: [8] Undefined variable: r_tablepre G:\wamp64\www\LinxwFFcms\app\Application\Install\Common\function.php 第 30 行.

[ 2018-01-15T21:19:55+08:00 ] 127.0.0.1 /LinxwFFcms/install.php?g=Install&m=Index&a=mysql&n=46
INFO: [ app_init ] --START--
INFO: Run Behavior\BuildLiteBehavior [ RunTime:0.001000s ]
INFO: [ app_init ] --END-- [ RunTime:0.001000s ]
INFO: [ app_begin ] --START--
INFO: Run Behavior\ReadHtmlCacheBehavior [ RunTime:0.001000s ]
INFO: [ app_begin ] --END-- [ RunTime:0.001000s ]
NOTIC: [8192] mysql_connect(): The mysql extension is deprecated and will be removed in the future: use mysqli or PDO instead G:\wamp64\www\LinxwFFcms\app\Application\Install\Controller\IndexController.class.php 第 174 行.
NOTIC: [2] file_get_contents(G:\wamp64\www\LinxwFFcms/app/Application/Install/Data/sikcms_demo.sql): failed to open stream: No such file or directory G:\wamp64\www\LinxwFFcms\app\Application\Install\Controller\IndexController.class.php 第 202 行.
NOTIC: [8] Undefined variable: s_tablepre G:\wamp64\www\LinxwFFcms\app\Application\Install\Common\function.php 第 30 行.
NOTIC: [8] Undefined variable: r_tablepre G:\wamp64\www\LinxwFFcms\app\Application\Install\Common\function.php 第 30 行.

[ 2018-01-15T21:19:55+08:00 ] 127.0.0.1 /LinxwFFcms/install.php?g=Install&m=Index&a=mysql&n=48
INFO: [ app_init ] --START--
INFO: Run Behavior\BuildLiteBehavior [ RunTime:0.000000s ]
INFO: [ app_init ] --END-- [ RunTime:0.001000s ]
INFO: [ app_begin ] --START--
INFO: Run Behavior\ReadHtmlCacheBehavior [ RunTime:0.001000s ]
INFO: [ app_begin ] --END-- [ RunTime:0.002000s ]
NOTIC: [8192] mysql_connect(): The mysql extension is deprecated and will be removed in the future: use mysqli or PDO instead G:\wamp64\www\LinxwFFcms\app\Application\Install\Controller\IndexController.class.php 第 174 行.
NOTIC: [2] file_get_contents(G:\wamp64\www\LinxwFFcms/app/Application/Install/Data/sikcms_demo.sql): failed to open stream: No such file or directory G:\wamp64\www\LinxwFFcms\app\Application\Install\Controller\IndexController.class.php 第 202 行.
NOTIC: [8] Undefined variable: s_tablepre G:\wamp64\www\LinxwFFcms\app\Application\Install\Common\function.php 第 30 行.
NOTIC: [8] Undefined variable: r_tablepre G:\wamp64\www\LinxwFFcms\app\Application\Install\Common\function.php 第 30 行.

[ 2018-01-15T21:19:55+08:00 ] 127.0.0.1 /LinxwFFcms/install.php?g=Install&m=Index&a=mysql&n=88
INFO: [ app_init ] --START--
INFO: Run Behavior\BuildLiteBehavior [ RunTime:0.000000s ]
INFO: [ app_init ] --END-- [ RunTime:0.002000s ]
INFO: [ app_begin ] --START--
INFO: Run Behavior\ReadHtmlCacheBehavior [ RunTime:0.001001s ]
INFO: [ app_begin ] --END-- [ RunTime:0.002001s ]
NOTIC: [8192] mysql_connect(): The mysql extension is deprecated and will be removed in the future: use mysqli or PDO instead G:\wamp64\www\LinxwFFcms\app\Application\Install\Controller\IndexController.class.php 第 174 行.
NOTIC: [2] file_get_contents(G:\wamp64\www\LinxwFFcms/app/Application/Install/Data/sikcms_demo.sql): failed to open stream: No such file or directory G:\wamp64\www\LinxwFFcms\app\Application\Install\Controller\IndexController.class.php 第 202 行.
NOTIC: [8] Undefined variable: s_tablepre G:\wamp64\www\LinxwFFcms\app\Application\Install\Common\function.php 第 30 行.
NOTIC: [8] Undefined variable: r_tablepre G:\wamp64\www\LinxwFFcms\app\Application\Install\Common\function.php 第 30 行.

[ 2018-01-15T21:19:55+08:00 ] 127.0.0.1 /LinxwFFcms/install.php?g=Install&m=Index&a=mysql&n=93
INFO: [ app_init ] --START--
INFO: Run Behavior\BuildLiteBehavior [ RunTime:0.000000s ]
INFO: [ app_init ] --END-- [ RunTime:0.000000s ]
INFO: [ app_begin ] --START--
INFO: Run Behavior\ReadHtmlCacheBehavior [ RunTime:0.001000s ]
INFO: [ app_begin ] --END-- [ RunTime:0.001000s ]
NOTIC: [8192] mysql_connect(): The mysql extension is deprecated and will be removed in the future: use mysqli or PDO instead G:\wamp64\www\LinxwFFcms\app\Application\Install\Controller\IndexController.class.php 第 174 行.
NOTIC: [2] file_get_contents(G:\wamp64\www\LinxwFFcms/app/Application/Install/Data/sikcms_demo.sql): failed to open stream: No such file or directory G:\wamp64\www\LinxwFFcms\app\Application\Install\Controller\IndexController.class.php 第 202 行.
NOTIC: [8] Undefined variable: s_tablepre G:\wamp64\www\LinxwFFcms\app\Application\Install\Common\function.php 第 30 行.
NOTIC: [8] Undefined variable: r_tablepre G:\wamp64\www\LinxwFFcms\app\Application\Install\Common\function.php 第 30 行.

[ 2018-01-15T21:19:55+08:00 ] 127.0.0.1 /LinxwFFcms/install.php?g=Install&m=Index&a=mysql&n=95
INFO: [ app_init ] --START--
INFO: Run Behavior\BuildLiteBehavior [ RunTime:0.000000s ]
INFO: [ app_init ] --END-- [ RunTime:0.001000s ]
INFO: [ app_begin ] --START--
INFO: Run Behavior\ReadHtmlCacheBehavior [ RunTime:0.001000s ]
INFO: [ app_begin ] --END-- [ RunTime:0.001000s ]
NOTIC: [8192] mysql_connect(): The mysql extension is deprecated and will be removed in the future: use mysqli or PDO instead G:\wamp64\www\LinxwFFcms\app\Application\Install\Controller\IndexController.class.php 第 174 行.
NOTIC: [2] file_get_contents(G:\wamp64\www\LinxwFFcms/app/Application/Install/Data/sikcms_demo.sql): failed to open stream: No such file or directory G:\wamp64\www\LinxwFFcms\app\Application\Install\Controller\IndexController.class.php 第 202 行.
NOTIC: [8] Undefined variable: s_tablepre G:\wamp64\www\LinxwFFcms\app\Application\Install\Common\function.php 第 30 行.
NOTIC: [8] Undefined variable: r_tablepre G:\wamp64\www\LinxwFFcms\app\Application\Install\Common\function.php 第 30 行.

[ 2018-01-15T21:19:55+08:00 ] 127.0.0.1 /LinxwFFcms/install.php?g=Install&m=Index&a=mysql&n=99
INFO: [ app_init ] --START--
INFO: Run Behavior\BuildLiteBehavior [ RunTime:0.000000s ]
INFO: [ app_init ] --END-- [ RunTime:0.001000s ]
INFO: [ app_begin ] --START--
INFO: Run Behavior\ReadHtmlCacheBehavior [ RunTime:0.001000s ]
INFO: [ app_begin ] --END-- [ RunTime:0.001000s ]
NOTIC: [8192] mysql_connect(): The mysql extension is deprecated and will be removed in the future: use mysqli or PDO instead G:\wamp64\www\LinxwFFcms\app\Application\Install\Controller\IndexController.class.php 第 174 行.
NOTIC: [2] file_get_contents(G:\wamp64\www\LinxwFFcms/app/Application/Install/Data/sikcms_demo.sql): failed to open stream: No such file or directory G:\wamp64\www\LinxwFFcms\app\Application\Install\Controller\IndexController.class.php 第 202 行.
NOTIC: [8] Undefined variable: s_tablepre G:\wamp64\www\LinxwFFcms\app\Application\Install\Common\function.php 第 30 行.
NOTIC: [8] Undefined variable: r_tablepre G:\wamp64\www\LinxwFFcms\app\Application\Install\Common\function.php 第 30 行.

[ 2018-01-15T21:19:55+08:00 ] 127.0.0.1 /LinxwFFcms/install.php?g=Install&m=Index&a=mysql&n=103
INFO: [ app_init ] --START--
INFO: Run Behavior\BuildLiteBehavior [ RunTime:0.000000s ]
INFO: [ app_init ] --END-- [ RunTime:0.002000s ]
INFO: [ app_begin ] --START--
INFO: Run Behavior\ReadHtmlCacheBehavior [ RunTime:0.000000s ]
INFO: [ app_begin ] --END-- [ RunTime:0.000000s ]
NOTIC: [8192] mysql_connect(): The mysql extension is deprecated and will be removed in the future: use mysqli or PDO instead G:\wamp64\www\LinxwFFcms\app\Application\Install\Controller\IndexController.class.php 第 174 行.
NOTIC: [2] file_get_contents(G:\wamp64\www\LinxwFFcms/app/Application/Install/Data/sikcms_demo.sql): failed to open stream: No such file or directory G:\wamp64\www\LinxwFFcms\app\Application\Install\Controller\IndexController.class.php 第 202 行.
NOTIC: [8] Undefined variable: s_tablepre G:\wamp64\www\LinxwFFcms\app\Application\Install\Common\function.php 第 30 行.
NOTIC: [8] Undefined variable: r_tablepre G:\wamp64\www\LinxwFFcms\app\Application\Install\Common\function.php 第 30 行.

[ 2018-01-15T21:19:55+08:00 ] 127.0.0.1 /LinxwFFcms/install.php?g=Install&m=Index&a=mysql&n=105
INFO: [ app_init ] --START--
INFO: Run Behavior\BuildLiteBehavior [ RunTime:0.000000s ]
INFO: [ app_init ] --END-- [ RunTime:0.001000s ]
INFO: [ app_begin ] --START--
INFO: Run Behavior\ReadHtmlCacheBehavior [ RunTime:0.001000s ]
INFO: [ app_begin ] --END-- [ RunTime:0.002000s ]
NOTIC: [8192] mysql_connect(): The mysql extension is deprecated and will be removed in the future: use mysqli or PDO instead G:\wamp64\www\LinxwFFcms\app\Application\Install\Controller\IndexController.class.php 第 174 行.
NOTIC: [2] file_get_contents(G:\wamp64\www\LinxwFFcms/app/Application/Install/Data/sikcms_demo.sql): failed to open stream: No such file or directory G:\wamp64\www\LinxwFFcms\app\Application\Install\Controller\IndexController.class.php 第 202 行.
NOTIC: [8] Undefined variable: s_tablepre G:\wamp64\www\LinxwFFcms\app\Application\Install\Common\function.php 第 30 行.
NOTIC: [8] Undefined variable: r_tablepre G:\wamp64\www\LinxwFFcms\app\Application\Install\Common\function.php 第 30 行.

[ 2018-01-15T21:19:55+08:00 ] 127.0.0.1 /LinxwFFcms/install.php?g=Install&m=Index&a=mysql&n=110
INFO: [ app_init ] --START--
INFO: Run Behavior\BuildLiteBehavior [ RunTime:0.000000s ]
INFO: [ app_init ] --END-- [ RunTime:0.002000s ]
INFO: [ app_begin ] --START--
INFO: Run Behavior\ReadHtmlCacheBehavior [ RunTime:0.001000s ]
INFO: [ app_begin ] --END-- [ RunTime:0.001000s ]
NOTIC: [8192] mysql_connect(): The mysql extension is deprecated and will be removed in the future: use mysqli or PDO instead G:\wamp64\www\LinxwFFcms\app\Application\Install\Controller\IndexController.class.php 第 174 行.
NOTIC: [2] file_get_contents(G:\wamp64\www\LinxwFFcms/app/Application/Install/Data/sikcms_demo.sql): failed to open stream: No such file or directory G:\wamp64\www\LinxwFFcms\app\Application\Install\Controller\IndexController.class.php 第 202 行.
NOTIC: [8] Undefined variable: s_tablepre G:\wamp64\www\LinxwFFcms\app\Application\Install\Common\function.php 第 30 行.
NOTIC: [8] Undefined variable: r_tablepre G:\wamp64\www\LinxwFFcms\app\Application\Install\Common\function.php 第 30 行.
NOTIC: [8] Undefined variable: seo_description G:\wamp64\www\LinxwFFcms\app\Application\Install\Controller\IndexController.class.php 第 246 行.

[ 2018-01-15T21:19:56+08:00 ] 127.0.0.1 /LinxwFFcms/install.php?g=Install&m=Index&a=mysql&n=999999
INFO: [ app_init ] --START--
INFO: Run Behavior\BuildLiteBehavior [ RunTime:0.001000s ]
INFO: [ app_init ] --END-- [ RunTime:0.002000s ]
INFO: [ app_begin ] --START--
INFO: Run Behavior\ReadHtmlCacheBehavior [ RunTime:0.001000s ]
INFO: [ app_begin ] --END-- [ RunTime:0.001000s ]
NOTIC: [8192] mysql_connect(): The mysql extension is deprecated and will be removed in the future: use mysqli or PDO instead G:\wamp64\www\LinxwFFcms\app\Application\Install\Controller\IndexController.class.php 第 174 行.
NOTIC: [2] file_get_contents(G:\wamp64\www\LinxwFFcms/app/Application/Install/Data/sikcms_demo.sql): failed to open stream: No such file or directory G:\wamp64\www\LinxwFFcms\app\Application\Install\Controller\IndexController.class.php 第 202 行.
NOTIC: [8] Undefined variable: s_tablepre G:\wamp64\www\LinxwFFcms\app\Application\Install\Common\function.php 第 30 行.
NOTIC: [8] Undefined variable: r_tablepre G:\wamp64\www\LinxwFFcms\app\Application\Install\Common\function.php 第 30 行.

[ 2018-01-15T21:19:58+08:00 ] 127.0.0.1 /LinxwFFcms/install.php?m=Install&c=Index&a=step5
INFO: [ app_init ] --START--
INFO: Run Behavior\BuildLiteBehavior [ RunTime:0.000000s ]
INFO: [ app_init ] --END-- [ RunTime:0.001000s ]
INFO: [ app_begin ] --START--
INFO: Run Behavior\ReadHtmlCacheBehavior [ RunTime:0.001000s ]
INFO: [ app_begin ] --END-- [ RunTime:0.002000s ]
NOTIC: [2] unlink(G:\wamp64\www\LinxwFFcms/#runtime/common~runtime.php): No such file or directory G:\wamp64\www\LinxwFFcms\app\Application\Install\Controller\IndexController.class.php 第 140 行.
INFO: [ view_parse ] --START--
INFO: [ template_filter ] --START--
INFO: Run Behavior\ContentReplaceBehavior [ RunTime:0.000000s ]
INFO: [ template_filter ] --END-- [ RunTime:0.000000s ]
INFO: Run Behavior\ParseTemplateBehavior [ RunTime:0.054003s ]
INFO: [ view_parse ] --END-- [ RunTime:0.055003s ]
INFO: [ view_filter ] --START--
INFO: Run Behavior\WriteHtmlCacheBehavior [ RunTime:0.001000s ]
INFO: [ view_filter ] --END-- [ RunTime:0.001000s ]
INFO: [ app_end ] --START--
INFO: Run Behavior\ShowPageTraceBehavior [ RunTime:0.001000s ]
INFO: [ app_end ] --END-- [ RunTime:0.002000s ]

[ 2018-01-15T21:39:03+08:00 ] 127.0.0.1 /LinxwFFcms/install.php
INFO: [ app_init ] --START--
INFO: Run Behavior\BuildLiteBehavior [ RunTime:0.000000s ]
INFO: [ app_init ] --END-- [ RunTime:0.000000s ]
INFO: [ app_begin ] --START--
INFO: Run Behavior\ReadHtmlCacheBehavior [ RunTime:0.001000s ]
INFO: [ app_begin ] --END-- [ RunTime:0.001000s ]
NOTIC: [8] Use of undefined constant MODEL_PATH - assumed 'MODEL_PATH' G:\wamp64\www\LinxwFFcms\app\Application\Install\Controller\IndexController.class.php 第 23 行.

[ 2018-01-15T21:39:11+08:00 ] 127.0.0.1 /LinxwFFcms/install.php
INFO: [ app_init ] --START--
INFO: Run Behavior\BuildLiteBehavior [ RunTime:0.000000s ]
INFO: [ app_init ] --END-- [ RunTime:0.001000s ]
INFO: [ app_begin ] --START--
INFO: Run Behavior\ReadHtmlCacheBehavior [ RunTime:0.000000s ]
INFO: [ app_begin ] --END-- [ RunTime:0.001000s ]
INFO: [ view_parse ] --START--
INFO: [ template_filter ] --START--
INFO: Run Behavior\ContentReplaceBehavior [ RunTime:0.001000s ]
INFO: [ template_filter ] --END-- [ RunTime:0.001000s ]
INFO: Run Behavior\ParseTemplateBehavior [ RunTime:0.027002s ]
INFO: [ view_parse ] --END-- [ RunTime:0.027002s ]
INFO: [ view_filter ] --START--
INFO: Run Behavior\WriteHtmlCacheBehavior [ RunTime:0.000000s ]
INFO: [ view_filter ] --END-- [ RunTime:0.000000s ]
INFO: [ app_end ] --START--
INFO: Run Behavior\ShowPageTraceBehavior [ RunTime:0.000000s ]
INFO: [ app_end ] --END-- [ RunTime:0.000000s ]

[ 2018-01-15T21:39:16+08:00 ] 127.0.0.1 /LinxwFFcms/install.php?m=Install&c=Index&a=step2
INFO: [ app_init ] --START--
INFO: Run Behavior\BuildLiteBehavior [ RunTime:0.000000s ]
INFO: [ app_init ] --END-- [ RunTime:0.000000s ]
INFO: [ app_begin ] --START--
INFO: Run Behavior\ReadHtmlCacheBehavior [ RunTime:0.000000s ]
INFO: [ app_begin ] --END-- [ RunTime:0.001000s ]
NOTIC: [2] Missing argument 1 for Libs\Util\Dir::__construct(), called in G:\wamp64\www\LinxwFFcms\app\Application\Install\Controller\IndexController.class.php on line 67 and defined G:\wamp64\www\LinxwFFcms\app\Libs\Util\Dir.class.php 第 41 行.
NOTIC: [8] Undefined variable: path G:\wamp64\www\LinxwFFcms\app\Libs\Util\Dir.class.php 第 42 行.
NOTIC: [8] Undefined variable: path G:\wamp64\www\LinxwFFcms\app\Libs\Util\Dir.class.php 第 43 行.
INFO: [ view_parse ] --START--
INFO: [ template_filter ] --START--
INFO: Run Behavior\ContentReplaceBehavior [ RunTime:0.001000s ]
INFO: [ template_filter ] --END-- [ RunTime:0.001000s ]
INFO: Run Behavior\ParseTemplateBehavior [ RunTime:0.025001s ]
INFO: [ view_parse ] --END-- [ RunTime:0.025001s ]
INFO: [ view_filter ] --START--
INFO: Run Behavior\WriteHtmlCacheBehavior [ RunTime:0.001001s ]
INFO: [ view_filter ] --END-- [ RunTime:0.001001s ]
INFO: [ app_end ] --START--
INFO: Run Behavior\ShowPageTraceBehavior [ RunTime:0.001000s ]
INFO: [ app_end ] --END-- [ RunTime:0.001000s ]

[ 2018-01-15T21:39:18+08:00 ] 127.0.0.1 /LinxwFFcms/install.php?m=Install&c=Index&a=step3
INFO: [ app_init ] --START--
INFO: Run Behavior\BuildLiteBehavior [ RunTime:0.000000s ]
INFO: [ app_init ] --END-- [ RunTime:0.000000s ]
INFO: [ app_begin ] --START--
INFO: Run Behavior\ReadHtmlCacheBehavior [ RunTime:0.001000s ]
INFO: [ app_begin ] --END-- [ RunTime:0.001000s ]
INFO: [ view_parse ] --START--
INFO: [ template_filter ] --START--
INFO: Run Behavior\ContentReplaceBehavior [ RunTime:0.000000s ]
INFO: [ template_filter ] --END-- [ RunTime:0.001001s ]
INFO: Run Behavior\ParseTemplateBehavior [ RunTime:0.045003s ]
INFO: [ view_parse ] --END-- [ RunTime:0.045003s ]
INFO: [ view_filter ] --START--
INFO: Run Behavior\WriteHtmlCacheBehavior [ RunTime:0.000000s ]
INFO: [ view_filter ] --END-- [ RunTime:0.001000s ]
INFO: [ app_end ] --START--
INFO: Run Behavior\ShowPageTraceBehavior [ RunTime:0.001000s ]
INFO: [ app_end ] --END-- [ RunTime:0.001000s ]

[ 2018-01-15T21:40:26+08:00 ] 127.0.0.1 /LinxwFFcms/install.php?m=Install&c=Index&a=step3
INFO: [ app_init ] --START--
INFO: Run Behavior\BuildLiteBehavior [ RunTime:0.000000s ]
INFO: [ app_init ] --END-- [ RunTime:0.000000s ]
INFO: [ app_begin ] --START--
INFO: Run Behavior\ReadHtmlCacheBehavior [ RunTime:0.001000s ]
INFO: [ app_begin ] --END-- [ RunTime:0.001000s ]
INFO: [ view_parse ] --START--
INFO: [ template_filter ] --START--
INFO: Run Behavior\ContentReplaceBehavior [ RunTime:0.000000s ]
INFO: [ template_filter ] --END-- [ RunTime:0.001000s ]
INFO: Run Behavior\ParseTemplateBehavior [ RunTime:0.026001s ]
INFO: [ view_parse ] --END-- [ RunTime:0.026001s ]
INFO: [ view_filter ] --START--
INFO: Run Behavior\WriteHtmlCacheBehavior [ RunTime:0.002000s ]
INFO: [ view_filter ] --END-- [ RunTime:0.002000s ]
INFO: [ app_end ] --START--
INFO: Run Behavior\ShowPageTraceBehavior [ RunTime:0.003001s ]
INFO: [ app_end ] --END-- [ RunTime:0.003001s ]

[ 2018-01-15T21:40:31+08:00 ] 127.0.0.1 /LinxwFFcms/install.php?m=Install&c=Index&a=condb
INFO: [ app_init ] --START--
INFO: Run Behavior\BuildLiteBehavior [ RunTime:0.000000s ]
INFO: [ app_init ] --END-- [ RunTime:0.002000s ]
INFO: [ app_begin ] --START--
INFO: Run Behavior\ReadHtmlCacheBehavior [ RunTime:0.001000s ]
INFO: [ app_begin ] --END-- [ RunTime:0.001000s ]
NOTIC: [8192] mysql_connect(): The mysql extension is deprecated and will be removed in the future: use mysqli or PDO instead G:\wamp64\www\LinxwFFcms\app\Application\Install\Controller\IndexController.class.php 第 279 行.

[ 2018-01-15T21:40:37+08:00 ] 127.0.0.1 /LinxwFFcms/install.php?m=Install&c=Index&a=condb
INFO: [ app_init ] --START--
INFO: Run Behavior\BuildLiteBehavior [ RunTime:0.000000s ]
INFO: [ app_init ] --END-- [ RunTime:0.001000s ]
INFO: [ app_begin ] --START--
INFO: Run Behavior\ReadHtmlCacheBehavior [ RunTime:0.001000s ]
INFO: [ app_begin ] --END-- [ RunTime:0.001000s ]
NOTIC: [8192] mysql_connect(): The mysql extension is deprecated and will be removed in the future: use mysqli or PDO instead G:\wamp64\www\LinxwFFcms\app\Application\Install\Controller\IndexController.class.php 第 279 行.

[ 2018-01-15T21:40:40+08:00 ] 127.0.0.1 /LinxwFFcms/install.php?m=Install&c=Index&a=step4
INFO: [ app_init ] --START--
INFO: Run Behavior\BuildLiteBehavior [ RunTime:0.000000s ]
INFO: [ app_init ] --END-- [ RunTime:0.000000s ]
INFO: [ app_begin ] --START--
INFO: Run Behavior\ReadHtmlCacheBehavior [ RunTime:0.000000s ]
INFO: [ app_begin ] --END-- [ RunTime:0.001000s ]
INFO: [ view_parse ] --START--
INFO: [ template_filter ] --START--
INFO: Run Behavior\ContentReplaceBehavior [ RunTime:0.000000s ]
INFO: [ template_filter ] --END-- [ RunTime:0.000000s ]
INFO: Run Behavior\ParseTemplateBehavior [ RunTime:0.028002s ]
INFO: [ view_parse ] --END-- [ RunTime:0.028002s ]
INFO: [ view_filter ] --START--
INFO: Run Behavior\WriteHtmlCacheBehavior [ RunTime:0.001000s ]
INFO: [ view_filter ] --END-- [ RunTime:0.001000s ]
INFO: [ app_end ] --START--
INFO: Run Behavior\ShowPageTraceBehavior [ RunTime:0.001000s ]
INFO: [ app_end ] --END-- [ RunTime:0.001000s ]

[ 2018-01-15T21:40:41+08:00 ] 127.0.0.1 /LinxwFFcms/install.php?g=Install&m=Index&a=mysql&n=0
INFO: [ app_init ] --START--
INFO: Run Behavior\BuildLiteBehavior [ RunTime:0.000000s ]
INFO: [ app_init ] --END-- [ RunTime:0.001000s ]
INFO: [ app_begin ] --START--
INFO: Run Behavior\ReadHtmlCacheBehavior [ RunTime:0.003000s ]
INFO: [ app_begin ] --END-- [ RunTime:0.003000s ]
NOTIC: [8192] mysql_connect(): The mysql extension is deprecated and will be removed in the future: use mysqli or PDO instead G:\wamp64\www\LinxwFFcms\app\Application\Install\Controller\IndexController.class.php 第 175 行.
NOTIC: [2] file_get_contents(G:\wamp64\www\LinxwFFcms/app/Application/Install/Data/demo.sql): failed to open stream: No such file or directory G:\wamp64\www\LinxwFFcms\app\Application\Install\Controller\IndexController.class.php 第 203 行.
NOTIC: [8] Undefined variable: s_tablepre G:\wamp64\www\LinxwFFcms\app\Application\Install\Common\function.php 第 30 行.
NOTIC: [8] Undefined variable: r_tablepre G:\wamp64\www\LinxwFFcms\app\Application\Install\Common\function.php 第 30 行.

[ 2018-01-15T21:40:41+08:00 ] 127.0.0.1 /LinxwFFcms/install.php?g=Install&m=Index&a=mysql&n=3
INFO: [ app_init ] --START--
INFO: Run Behavior\BuildLiteBehavior [ RunTime:0.000000s ]
INFO: [ app_init ] --END-- [ RunTime:0.001001s ]
INFO: [ app_begin ] --START--
INFO: Run Behavior\ReadHtmlCacheBehavior [ RunTime:0.001000s ]
INFO: [ app_begin ] --END-- [ RunTime:0.001000s ]
NOTIC: [8192] mysql_connect(): The mysql extension is deprecated and will be removed in the future: use mysqli or PDO instead G:\wamp64\www\LinxwFFcms\app\Application\Install\Controller\IndexController.class.php 第 175 行.
NOTIC: [2] file_get_contents(G:\wamp64\www\LinxwFFcms/app/Application/Install/Data/demo.sql): failed to open stream: No such file or directory G:\wamp64\www\LinxwFFcms\app\Application\Install\Controller\IndexController.class.php 第 203 行.
NOTIC: [8] Undefined variable: s_tablepre G:\wamp64\www\LinxwFFcms\app\Application\Install\Common\function.php 第 30 行.
NOTIC: [8] Undefined variable: r_tablepre G:\wamp64\www\LinxwFFcms\app\Application\Install\Common\function.php 第 30 行.

[ 2018-01-15T21:40:41+08:00 ] 127.0.0.1 /LinxwFFcms/install.php?g=Install&m=Index&a=mysql&n=14
INFO: [ app_init ] --START--
INFO: Run Behavior\BuildLiteBehavior [ RunTime:0.001000s ]
INFO: [ app_init ] --END-- [ RunTime:0.001000s ]
INFO: [ app_begin ] --START--
INFO: Run Behavior\ReadHtmlCacheBehavior [ RunTime:0.001000s ]
INFO: [ app_begin ] --END-- [ RunTime:0.002001s ]
NOTIC: [8192] mysql_connect(): The mysql extension is deprecated and will be removed in the future: use mysqli or PDO instead G:\wamp64\www\LinxwFFcms\app\Application\Install\Controller\IndexController.class.php 第 175 行.
NOTIC: [2] file_get_contents(G:\wamp64\www\LinxwFFcms/app/Application/Install/Data/demo.sql): failed to open stream: No such file or directory G:\wamp64\www\LinxwFFcms\app\Application\Install\Controller\IndexController.class.php 第 203 行.
NOTIC: [8] Undefined variable: s_tablepre G:\wamp64\www\LinxwFFcms\app\Application\Install\Common\function.php 第 30 行.
NOTIC: [8] Undefined variable: r_tablepre G:\wamp64\www\LinxwFFcms\app\Application\Install\Common\function.php 第 30 行.

[ 2018-01-15T21:40:41+08:00 ] 127.0.0.1 /LinxwFFcms/install.php?g=Install&m=Index&a=mysql&n=17
INFO: [ app_init ] --START--
INFO: Run Behavior\BuildLiteBehavior [ RunTime:0.000000s ]
INFO: [ app_init ] --END-- [ RunTime:0.001001s ]
INFO: [ app_begin ] --START--
INFO: Run Behavior\ReadHtmlCacheBehavior [ RunTime:0.001000s ]
INFO: [ app_begin ] --END-- [ RunTime:0.001000s ]
NOTIC: [8192] mysql_connect(): The mysql extension is deprecated and will be removed in the future: use mysqli or PDO instead G:\wamp64\www\LinxwFFcms\app\Application\Install\Controller\IndexController.class.php 第 175 行.
NOTIC: [2] file_get_contents(G:\wamp64\www\LinxwFFcms/app/Application/Install/Data/demo.sql): failed to open stream: No such file or directory G:\wamp64\www\LinxwFFcms\app\Application\Install\Controller\IndexController.class.php 第 203 行.
NOTIC: [8] Undefined variable: s_tablepre G:\wamp64\www\LinxwFFcms\app\Application\Install\Common\function.php 第 30 行.
NOTIC: [8] Undefined variable: r_tablepre G:\wamp64\www\LinxwFFcms\app\Application\Install\Common\function.php 第 30 行.

[ 2018-01-15T21:40:41+08:00 ] 127.0.0.1 /LinxwFFcms/install.php?g=Install&m=Index&a=mysql&n=19
INFO: [ app_init ] --START--
INFO: Run Behavior\BuildLiteBehavior [ RunTime:0.001000s ]
INFO: [ app_init ] --END-- [ RunTime:0.001000s ]
INFO: [ app_begin ] --START--
INFO: Run Behavior\ReadHtmlCacheBehavior [ RunTime:0.001000s ]
INFO: [ app_begin ] --END-- [ RunTime:0.001000s ]
NOTIC: [8192] mysql_connect(): The mysql extension is deprecated and will be removed in the future: use mysqli or PDO instead G:\wamp64\www\LinxwFFcms\app\Application\Install\Controller\IndexController.class.php 第 175 行.
NOTIC: [2] file_get_contents(G:\wamp64\www\LinxwFFcms/app/Application/Install/Data/demo.sql): failed to open stream: No such file or directory G:\wamp64\www\LinxwFFcms\app\Application\Install\Controller\IndexController.class.php 第 203 行.
NOTIC: [8] Undefined variable: s_tablepre G:\wamp64\www\LinxwFFcms\app\Application\Install\Common\function.php 第 30 行.
NOTIC: [8] Undefined variable: r_tablepre G:\wamp64\www\LinxwFFcms\app\Application\Install\Common\function.php 第 30 行.

[ 2018-01-15T21:40:41+08:00 ] 127.0.0.1 /LinxwFFcms/install.php?g=Install&m=Index&a=mysql&n=21
INFO: [ app_init ] --START--
INFO: Run Behavior\BuildLiteBehavior [ RunTime:0.000000s ]
INFO: [ app_init ] --END-- [ RunTime:0.001000s ]
INFO: [ app_begin ] --START--
INFO: Run Behavior\ReadHtmlCacheBehavior [ RunTime:0.001000s ]
INFO: [ app_begin ] --END-- [ RunTime:0.001000s ]
NOTIC: [8192] mysql_connect(): The mysql extension is deprecated and will be removed in the future: use mysqli or PDO instead G:\wamp64\www\LinxwFFcms\app\Application\Install\Controller\IndexController.class.php 第 175 行.
NOTIC: [2] file_get_contents(G:\wamp64\www\LinxwFFcms/app/Application/Install/Data/demo.sql): failed to open stream: No such file or directory G:\wamp64\www\LinxwFFcms\app\Application\Install\Controller\IndexController.class.php 第 203 行.
NOTIC: [8] Undefined variable: s_tablepre G:\wamp64\www\LinxwFFcms\app\Application\Install\Common\function.php 第 30 行.
NOTIC: [8] Undefined variable: r_tablepre G:\wamp64\www\LinxwFFcms\app\Application\Install\Common\function.php 第 30 行.

[ 2018-01-15T21:40:41+08:00 ] 127.0.0.1 /LinxwFFcms/install.php?g=Install&m=Index&a=mysql&n=23
INFO: [ app_init ] --START--
INFO: Run Behavior\BuildLiteBehavior [ RunTime:0.000000s ]
INFO: [ app_init ] --END-- [ RunTime:0.001000s ]
INFO: [ app_begin ] --START--
INFO: Run Behavior\ReadHtmlCacheBehavior [ RunTime:0.000000s ]
INFO: [ app_begin ] --END-- [ RunTime:0.001000s ]
NOTIC: [8192] mysql_connect(): The mysql extension is deprecated and will be removed in the future: use mysqli or PDO instead G:\wamp64\www\LinxwFFcms\app\Application\Install\Controller\IndexController.class.php 第 175 行.
NOTIC: [2] file_get_contents(G:\wamp64\www\LinxwFFcms/app/Application/Install/Data/demo.sql): failed to open stream: No such file or directory G:\wamp64\www\LinxwFFcms\app\Application\Install\Controller\IndexController.class.php 第 203 行.
NOTIC: [8] Undefined variable: s_tablepre G:\wamp64\www\LinxwFFcms\app\Application\Install\Common\function.php 第 30 行.
NOTIC: [8] Undefined variable: r_tablepre G:\wamp64\www\LinxwFFcms\app\Application\Install\Common\function.php 第 30 行.

[ 2018-01-15T21:40:41+08:00 ] 127.0.0.1 /LinxwFFcms/install.php?g=Install&m=Index&a=mysql&n=25
INFO: [ app_init ] --START--
INFO: Run Behavior\BuildLiteBehavior [ RunTime:0.000000s ]
INFO: [ app_init ] --END-- [ RunTime:0.001000s ]
INFO: [ app_begin ] --START--
INFO: Run Behavior\ReadHtmlCacheBehavior [ RunTime:0.001000s ]
INFO: [ app_begin ] --END-- [ RunTime:0.001000s ]
NOTIC: [8192] mysql_connect(): The mysql extension is deprecated and will be removed in the future: use mysqli or PDO instead G:\wamp64\www\LinxwFFcms\app\Application\Install\Controller\IndexController.class.php 第 175 行.
NOTIC: [2] file_get_contents(G:\wamp64\www\LinxwFFcms/app/Application/Install/Data/demo.sql): failed to open stream: No such file or directory G:\wamp64\www\LinxwFFcms\app\Application\Install\Controller\IndexController.class.php 第 203 行.
NOTIC: [8] Undefined variable: s_tablepre G:\wamp64\www\LinxwFFcms\app\Application\Install\Common\function.php 第 30 行.
NOTIC: [8] Undefined variable: r_tablepre G:\wamp64\www\LinxwFFcms\app\Application\Install\Common\function.php 第 30 行.

[ 2018-01-15T21:40:41+08:00 ] 127.0.0.1 /LinxwFFcms/install.php?g=Install&m=Index&a=mysql&n=27
INFO: [ app_init ] --START--
INFO: Run Behavior\BuildLiteBehavior [ RunTime:0.000000s ]
INFO: [ app_init ] --END-- [ RunTime:0.001000s ]
INFO: [ app_begin ] --START--
INFO: Run Behavior\ReadHtmlCacheBehavior [ RunTime:0.001000s ]
INFO: [ app_begin ] --END-- [ RunTime:0.001000s ]
NOTIC: [8192] mysql_connect(): The mysql extension is deprecated and will be removed in the future: use mysqli or PDO instead G:\wamp64\www\LinxwFFcms\app\Application\Install\Controller\IndexController.class.php 第 175 行.
NOTIC: [2] file_get_contents(G:\wamp64\www\LinxwFFcms/app/Application/Install/Data/demo.sql): failed to open stream: No such file or directory G:\wamp64\www\LinxwFFcms\app\Application\Install\Controller\IndexController.class.php 第 203 行.
NOTIC: [8] Undefined variable: s_tablepre G:\wamp64\www\LinxwFFcms\app\Application\Install\Common\function.php 第 30 行.
NOTIC: [8] Undefined variable: r_tablepre G:\wamp64\www\LinxwFFcms\app\Application\Install\Common\function.php 第 30 行.

[ 2018-01-15T21:40:41+08:00 ] 127.0.0.1 /LinxwFFcms/install.php?g=Install&m=Index&a=mysql&n=29
INFO: [ app_init ] --START--
INFO: Run Behavior\BuildLiteBehavior [ RunTime:0.000000s ]
INFO: [ app_init ] --END-- [ RunTime:0.001000s ]
INFO: [ app_begin ] --START--
INFO: Run Behavior\ReadHtmlCacheBehavior [ RunTime:0.001000s ]
INFO: [ app_begin ] --END-- [ RunTime:0.001000s ]
NOTIC: [8192] mysql_connect(): The mysql extension is deprecated and will be removed in the future: use mysqli or PDO instead G:\wamp64\www\LinxwFFcms\app\Application\Install\Controller\IndexController.class.php 第 175 行.
NOTIC: [2] file_get_contents(G:\wamp64\www\LinxwFFcms/app/Application/Install/Data/demo.sql): failed to open stream: No such file or directory G:\wamp64\www\LinxwFFcms\app\Application\Install\Controller\IndexController.class.php 第 203 行.
NOTIC: [8] Undefined variable: s_tablepre G:\wamp64\www\LinxwFFcms\app\Application\Install\Common\function.php 第 30 行.
NOTIC: [8] Undefined variable: r_tablepre G:\wamp64\www\LinxwFFcms\app\Application\Install\Common\function.php 第 30 行.

[ 2018-01-15T21:40:41+08:00 ] 127.0.0.1 /LinxwFFcms/install.php?g=Install&m=Index&a=mysql&n=40
INFO: [ app_init ] --START--
INFO: Run Behavior\BuildLiteBehavior [ RunTime:0.000000s ]
INFO: [ app_init ] --END-- [ RunTime:0.001000s ]
INFO: [ app_begin ] --START--
INFO: Run Behavior\ReadHtmlCacheBehavior [ RunTime:0.001000s ]
INFO: [ app_begin ] --END-- [ RunTime:0.002001s ]
NOTIC: [8192] mysql_connect(): The mysql extension is deprecated and will be removed in the future: use mysqli or PDO instead G:\wamp64\www\LinxwFFcms\app\Application\Install\Controller\IndexController.class.php 第 175 行.
NOTIC: [2] file_get_contents(G:\wamp64\www\LinxwFFcms/app/Application/Install/Data/demo.sql): failed to open stream: No such file or directory G:\wamp64\www\LinxwFFcms\app\Application\Install\Controller\IndexController.class.php 第 203 行.
NOTIC: [8] Undefined variable: s_tablepre G:\wamp64\www\LinxwFFcms\app\Application\Install\Common\function.php 第 30 行.
NOTIC: [8] Undefined variable: r_tablepre G:\wamp64\www\LinxwFFcms\app\Application\Install\Common\function.php 第 30 行.

[ 2018-01-15T21:40:42+08:00 ] 127.0.0.1 /LinxwFFcms/install.php?g=Install&m=Index&a=mysql&n=42
INFO: [ app_init ] --START--
INFO: Run Behavior\BuildLiteBehavior [ RunTime:0.000000s ]
INFO: [ app_init ] --END-- [ RunTime:0.000000s ]
INFO: [ app_begin ] --START--
INFO: Run Behavior\ReadHtmlCacheBehavior [ RunTime:0.001000s ]
INFO: [ app_begin ] --END-- [ RunTime:0.001000s ]
NOTIC: [8192] mysql_connect(): The mysql extension is deprecated and will be removed in the future: use mysqli or PDO instead G:\wamp64\www\LinxwFFcms\app\Application\Install\Controller\IndexController.class.php 第 175 行.
NOTIC: [2] file_get_contents(G:\wamp64\www\LinxwFFcms/app/Application/Install/Data/demo.sql): failed to open stream: No such file or directory G:\wamp64\www\LinxwFFcms\app\Application\Install\Controller\IndexController.class.php 第 203 行.
NOTIC: [8] Undefined variable: s_tablepre G:\wamp64\www\LinxwFFcms\app\Application\Install\Common\function.php 第 30 行.
NOTIC: [8] Undefined variable: r_tablepre G:\wamp64\www\LinxwFFcms\app\Application\Install\Common\function.php 第 30 行.

[ 2018-01-15T21:40:42+08:00 ] 127.0.0.1 /LinxwFFcms/install.php?g=Install&m=Index&a=mysql&n=44
INFO: [ app_init ] --START--
INFO: Run Behavior\BuildLiteBehavior [ RunTime:0.000000s ]
INFO: [ app_init ] --END-- [ RunTime:0.001000s ]
INFO: [ app_begin ] --START--
INFO: Run Behavior\ReadHtmlCacheBehavior [ RunTime:0.001000s ]
INFO: [ app_begin ] --END-- [ RunTime:0.002000s ]
NOTIC: [8192] mysql_connect(): The mysql extension is deprecated and will be removed in the future: use mysqli or PDO instead G:\wamp64\www\LinxwFFcms\app\Application\Install\Controller\IndexController.class.php 第 175 行.
NOTIC: [2] file_get_contents(G:\wamp64\www\LinxwFFcms/app/Application/Install/Data/demo.sql): failed to open stream: No such file or directory G:\wamp64\www\LinxwFFcms\app\Application\Install\Controller\IndexController.class.php 第 203 行.
NOTIC: [8] Undefined variable: s_tablepre G:\wamp64\www\LinxwFFcms\app\Application\Install\Common\function.php 第 30 行.
NOTIC: [8] Undefined variable: r_tablepre G:\wamp64\www\LinxwFFcms\app\Application\Install\Common\function.php 第 30 行.

[ 2018-01-15T21:40:42+08:00 ] 127.0.0.1 /LinxwFFcms/install.php?g=Install&m=Index&a=mysql&n=46
INFO: [ app_init ] --START--
INFO: Run Behavior\BuildLiteBehavior [ RunTime:0.000000s ]
INFO: [ app_init ] --END-- [ RunTime:0.001001s ]
INFO: [ app_begin ] --START--
INFO: Run Behavior\ReadHtmlCacheBehavior [ RunTime:0.001000s ]
INFO: [ app_begin ] --END-- [ RunTime:0.001000s ]
NOTIC: [8192] mysql_connect(): The mysql extension is deprecated and will be removed in the future: use mysqli or PDO instead G:\wamp64\www\LinxwFFcms\app\Application\Install\Controller\IndexController.class.php 第 175 行.
NOTIC: [2] file_get_contents(G:\wamp64\www\LinxwFFcms/app/Application/Install/Data/demo.sql): failed to open stream: No such file or directory G:\wamp64\www\LinxwFFcms\app\Application\Install\Controller\IndexController.class.php 第 203 行.
NOTIC: [8] Undefined variable: s_tablepre G:\wamp64\www\LinxwFFcms\app\Application\Install\Common\function.php 第 30 行.
NOTIC: [8] Undefined variable: r_tablepre G:\wamp64\www\LinxwFFcms\app\Application\Install\Common\function.php 第 30 行.

[ 2018-01-15T21:40:42+08:00 ] 127.0.0.1 /LinxwFFcms/install.php?g=Install&m=Index&a=mysql&n=48
INFO: [ app_init ] --START--
INFO: Run Behavior\BuildLiteBehavior [ RunTime:0.000000s ]
INFO: [ app_init ] --END-- [ RunTime:0.000000s ]
INFO: [ app_begin ] --START--
INFO: Run Behavior\ReadHtmlCacheBehavior [ RunTime:0.000000s ]
INFO: [ app_begin ] --END-- [ RunTime:0.001001s ]
NOTIC: [8192] mysql_connect(): The mysql extension is deprecated and will be removed in the future: use mysqli or PDO instead G:\wamp64\www\LinxwFFcms\app\Application\Install\Controller\IndexController.class.php 第 175 行.
NOTIC: [2] file_get_contents(G:\wamp64\www\LinxwFFcms/app/Application/Install/Data/demo.sql): failed to open stream: No such file or directory G:\wamp64\www\LinxwFFcms\app\Application\Install\Controller\IndexController.class.php 第 203 行.
NOTIC: [8] Undefined variable: s_tablepre G:\wamp64\www\LinxwFFcms\app\Application\Install\Common\function.php 第 30 行.
NOTIC: [8] Undefined variable: r_tablepre G:\wamp64\www\LinxwFFcms\app\Application\Install\Common\function.php 第 30 行.

[ 2018-01-15T21:40:42+08:00 ] 127.0.0.1 /LinxwFFcms/install.php?g=Install&m=Index&a=mysql&n=88
INFO: [ app_init ] --START--
INFO: Run Behavior\BuildLiteBehavior [ RunTime:0.000000s ]
INFO: [ app_init ] --END-- [ RunTime:0.001000s ]
INFO: [ app_begin ] --START--
INFO: Run Behavior\ReadHtmlCacheBehavior [ RunTime:0.000000s ]
INFO: [ app_begin ] --END-- [ RunTime:0.000000s ]
NOTIC: [8192] mysql_connect(): The mysql extension is deprecated and will be removed in the future: use mysqli or PDO instead G:\wamp64\www\LinxwFFcms\app\Application\Install\Controller\IndexController.class.php 第 175 行.
NOTIC: [2] file_get_contents(G:\wamp64\www\LinxwFFcms/app/Application/Install/Data/demo.sql): failed to open stream: No such file or directory G:\wamp64\www\LinxwFFcms\app\Application\Install\Controller\IndexController.class.php 第 203 行.
NOTIC: [8] Undefined variable: s_tablepre G:\wamp64\www\LinxwFFcms\app\Application\Install\Common\function.php 第 30 行.
NOTIC: [8] Undefined variable: r_tablepre G:\wamp64\www\LinxwFFcms\app\Application\Install\Common\function.php 第 30 行.

[ 2018-01-15T21:40:42+08:00 ] 127.0.0.1 /LinxwFFcms/install.php?g=Install&m=Index&a=mysql&n=93
INFO: [ app_init ] --START--
INFO: Run Behavior\BuildLiteBehavior [ RunTime:0.000000s ]
INFO: [ app_init ] --END-- [ RunTime:0.003000s ]
INFO: [ app_begin ] --START--
INFO: Run Behavior\ReadHtmlCacheBehavior [ RunTime:0.002001s ]
INFO: [ app_begin ] --END-- [ RunTime:0.002001s ]
NOTIC: [8192] mysql_connect(): The mysql extension is deprecated and will be removed in the future: use mysqli or PDO instead G:\wamp64\www\LinxwFFcms\app\Application\Install\Controller\IndexController.class.php 第 175 行.
NOTIC: [2] file_get_contents(G:\wamp64\www\LinxwFFcms/app/Application/Install/Data/demo.sql): failed to open stream: No such file or directory G:\wamp64\www\LinxwFFcms\app\Application\Install\Controller\IndexController.class.php 第 203 行.
NOTIC: [8] Undefined variable: s_tablepre G:\wamp64\www\LinxwFFcms\app\Application\Install\Common\function.php 第 30 行.
NOTIC: [8] Undefined variable: r_tablepre G:\wamp64\www\LinxwFFcms\app\Application\Install\Common\function.php 第 30 行.

[ 2018-01-15T21:40:42+08:00 ] 127.0.0.1 /LinxwFFcms/install.php?g=Install&m=Index&a=mysql&n=95
INFO: [ app_init ] --START--
INFO: Run Behavior\BuildLiteBehavior [ RunTime:0.000000s ]
INFO: [ app_init ] --END-- [ RunTime:0.002000s ]
INFO: [ app_begin ] --START--
INFO: Run Behavior\ReadHtmlCacheBehavior [ RunTime:0.001001s ]
INFO: [ app_begin ] --END-- [ RunTime:0.001001s ]
NOTIC: [8192] mysql_connect(): The mysql extension is deprecated and will be removed in the future: use mysqli or PDO instead G:\wamp64\www\LinxwFFcms\app\Application\Install\Controller\IndexController.class.php 第 175 行.
NOTIC: [2] file_get_contents(G:\wamp64\www\LinxwFFcms/app/Application/Install/Data/demo.sql): failed to open stream: No such file or directory G:\wamp64\www\LinxwFFcms\app\Application\Install\Controller\IndexController.class.php 第 203 行.
NOTIC: [8] Undefined variable: s_tablepre G:\wamp64\www\LinxwFFcms\app\Application\Install\Common\function.php 第 30 行.
NOTIC: [8] Undefined variable: r_tablepre G:\wamp64\www\LinxwFFcms\app\Application\Install\Common\function.php 第 30 行.

[ 2018-01-15T21:40:42+08:00 ] 127.0.0.1 /LinxwFFcms/install.php?g=Install&m=Index&a=mysql&n=99
INFO: [ app_init ] --START--
INFO: Run Behavior\BuildLiteBehavior [ RunTime:0.000000s ]
INFO: [ app_init ] --END-- [ RunTime:0.001000s ]
INFO: [ app_begin ] --START--
INFO: Run Behavior\ReadHtmlCacheBehavior [ RunTime:0.001000s ]
INFO: [ app_begin ] --END-- [ RunTime:0.001000s ]
NOTIC: [8192] mysql_connect(): The mysql extension is deprecated and will be removed in the future: use mysqli or PDO instead G:\wamp64\www\LinxwFFcms\app\Application\Install\Controller\IndexController.class.php 第 175 行.
NOTIC: [2] file_get_contents(G:\wamp64\www\LinxwFFcms/app/Application/Install/Data/demo.sql): failed to open stream: No such file or directory G:\wamp64\www\LinxwFFcms\app\Application\Install\Controller\IndexController.class.php 第 203 行.
NOTIC: [8] Undefined variable: s_tablepre G:\wamp64\www\LinxwFFcms\app\Application\Install\Common\function.php 第 30 行.
NOTIC: [8] Undefined variable: r_tablepre G:\wamp64\www\LinxwFFcms\app\Application\Install\Common\function.php 第 30 行.

[ 2018-01-15T21:40:42+08:00 ] 127.0.0.1 /LinxwFFcms/install.php?g=Install&m=Index&a=mysql&n=103
INFO: [ app_init ] --START--
INFO: Run Behavior\BuildLiteBehavior [ RunTime:0.000000s ]
INFO: [ app_init ] --END-- [ RunTime:0.001000s ]
INFO: [ app_begin ] --START--
INFO: Run Behavior\ReadHtmlCacheBehavior [ RunTime:0.003000s ]
INFO: [ app_begin ] --END-- [ RunTime:0.003000s ]
NOTIC: [8192] mysql_connect(): The mysql extension is deprecated and will be removed in the future: use mysqli or PDO instead G:\wamp64\www\LinxwFFcms\app\Application\Install\Controller\IndexController.class.php 第 175 行.
NOTIC: [2] file_get_contents(G:\wamp64\www\LinxwFFcms/app/Application/Install/Data/demo.sql): failed to open stream: No such file or directory G:\wamp64\www\LinxwFFcms\app\Application\Install\Controller\IndexController.class.php 第 203 行.
NOTIC: [8] Undefined variable: s_tablepre G:\wamp64\www\LinxwFFcms\app\Application\Install\Common\function.php 第 30 行.
NOTIC: [8] Undefined variable: r_tablepre G:\wamp64\www\LinxwFFcms\app\Application\Install\Common\function.php 第 30 行.

[ 2018-01-15T21:40:42+08:00 ] 127.0.0.1 /LinxwFFcms/install.php?g=Install&m=Index&a=mysql&n=105
INFO: [ app_init ] --START--
INFO: Run Behavior\BuildLiteBehavior [ RunTime:0.000000s ]
INFO: [ app_init ] --END-- [ RunTime:0.003000s ]
INFO: [ app_begin ] --START--
INFO: Run Behavior\ReadHtmlCacheBehavior [ RunTime:0.001000s ]
INFO: [ app_begin ] --END-- [ RunTime:0.001000s ]
NOTIC: [8192] mysql_connect(): The mysql extension is deprecated and will be removed in the future: use mysqli or PDO instead G:\wamp64\www\LinxwFFcms\app\Application\Install\Controller\IndexController.class.php 第 175 行.
NOTIC: [2] file_get_contents(G:\wamp64\www\LinxwFFcms/app/Application/Install/Data/demo.sql): failed to open stream: No such file or directory G:\wamp64\www\LinxwFFcms\app\Application\Install\Controller\IndexController.class.php 第 203 行.
NOTIC: [8] Undefined variable: s_tablepre G:\wamp64\www\LinxwFFcms\app\Application\Install\Common\function.php 第 30 行.
NOTIC: [8] Undefined variable: r_tablepre G:\wamp64\www\LinxwFFcms\app\Application\Install\Common\function.php 第 30 行.

[ 2018-01-15T21:40:42+08:00 ] 127.0.0.1 /LinxwFFcms/install.php?g=Install&m=Index&a=mysql&n=110
INFO: [ app_init ] --START--
INFO: Run Behavior\BuildLiteBehavior [ RunTime:0.000000s ]
INFO: [ app_init ] --END-- [ RunTime:0.000000s ]
INFO: [ app_begin ] --START--
INFO: Run Behavior\ReadHtmlCacheBehavior [ RunTime:0.000000s ]
INFO: [ app_begin ] --END-- [ RunTime:0.001000s ]
NOTIC: [8192] mysql_connect(): The mysql extension is deprecated and will be removed in the future: use mysqli or PDO instead G:\wamp64\www\LinxwFFcms\app\Application\Install\Controller\IndexController.class.php 第 175 行.
NOTIC: [2] file_get_contents(G:\wamp64\www\LinxwFFcms/app/Application/Install/Data/demo.sql): failed to open stream: No such file or directory G:\wamp64\www\LinxwFFcms\app\Application\Install\Controller\IndexController.class.php 第 203 行.
NOTIC: [8] Undefined variable: s_tablepre G:\wamp64\www\LinxwFFcms\app\Application\Install\Common\function.php 第 30 行.
NOTIC: [8] Undefined variable: r_tablepre G:\wamp64\www\LinxwFFcms\app\Application\Install\Common\function.php 第 30 行.
NOTIC: [8] Undefined variable: seo_description G:\wamp64\www\LinxwFFcms\app\Application\Install\Controller\IndexController.class.php 第 247 行.

[ 2018-01-15T21:40:42+08:00 ] 127.0.0.1 /LinxwFFcms/install.php?g=Install&m=Index&a=mysql&n=999999
INFO: [ app_init ] --START--
INFO: Run Behavior\BuildLiteBehavior [ RunTime:0.000000s ]
INFO: [ app_init ] --END-- [ RunTime:0.002000s ]
INFO: [ app_begin ] --START--
INFO: Run Behavior\ReadHtmlCacheBehavior [ RunTime:0.001000s ]
INFO: [ app_begin ] --END-- [ RunTime:0.003000s ]
NOTIC: [8192] mysql_connect(): The mysql extension is deprecated and will be removed in the future: use mysqli or PDO instead G:\wamp64\www\LinxwFFcms\app\Application\Install\Controller\IndexController.class.php 第 175 行.
NOTIC: [2] file_get_contents(G:\wamp64\www\LinxwFFcms/app/Application/Install/Data/demo.sql): failed to open stream: No such file or directory G:\wamp64\www\LinxwFFcms\app\Application\Install\Controller\IndexController.class.php 第 203 行.
NOTIC: [8] Undefined variable: s_tablepre G:\wamp64\www\LinxwFFcms\app\Application\Install\Common\function.php 第 30 行.
NOTIC: [8] Undefined variable: r_tablepre G:\wamp64\www\LinxwFFcms\app\Application\Install\Common\function.php 第 30 行.

[ 2018-01-15T21:40:44+08:00 ] 127.0.0.1 /LinxwFFcms/install.php?m=Install&c=Index&a=step5
INFO: [ app_init ] --START--
INFO: Run Behavior\BuildLiteBehavior [ RunTime:0.000000s ]
INFO: [ app_init ] --END-- [ RunTime:0.000000s ]
INFO: [ app_begin ] --START--
INFO: Run Behavior\ReadHtmlCacheBehavior [ RunTime:0.000000s ]
INFO: [ app_begin ] --END-- [ RunTime:0.001000s ]
NOTIC: [2] unlink(G:\wamp64\www\LinxwFFcms/#runtime/common~runtime.php): No such file or directory G:\wamp64\www\LinxwFFcms\app\Application\Install\Controller\IndexController.class.php 第 140 行.
INFO: [ view_parse ] --START--
INFO: [ template_filter ] --START--
INFO: Run Behavior\ContentReplaceBehavior [ RunTime:0.000000s ]
INFO: [ template_filter ] --END-- [ RunTime:0.001000s ]
INFO: Run Behavior\ParseTemplateBehavior [ RunTime:0.040002s ]
INFO: [ view_parse ] --END-- [ RunTime:0.040002s ]
INFO: [ view_filter ] --START--
INFO: Run Behavior\WriteHtmlCacheBehavior [ RunTime:0.001000s ]
INFO: [ view_filter ] --END-- [ RunTime:0.001000s ]
INFO: [ app_end ] --START--
INFO: Run Behavior\ShowPageTraceBehavior [ RunTime:0.001000s ]
INFO: [ app_end ] --END-- [ RunTime:0.001000s ]

[ 2018-01-15T21:43:44+08:00 ] 127.0.0.1 /LinxwFFcms/install.php?m=Install&c=Index&a=step5
INFO: [ app_init ] --START--
INFO: Run Behavior\BuildLiteBehavior [ RunTime:0.000000s ]
INFO: [ app_init ] --END-- [ RunTime:0.001000s ]
INFO: [ app_begin ] --START--
INFO: Run Behavior\ReadHtmlCacheBehavior [ RunTime:0.001000s ]
INFO: [ app_begin ] --END-- [ RunTime:0.001000s ]
NOTIC: [8] Use of undefined constant MODEL_PATH - assumed 'MODEL_PATH' G:\wamp64\www\LinxwFFcms\app\Application\Install\Controller\IndexController.class.php 第 23 行.

